#
# There is insufficient memory for the Java Runtime Environment to continue.
# Native memory allocation (malloc) failed to allocate 238336 bytes for Chunk::new
# Possible reasons:
#   The system is out of physical RAM or swap space
#   The process is running with CompressedOops enabled, and the Java Heap may be blocking the growth of the native heap
# Possible solutions:
#   Reduce memory load on the system
#   Increase physical memory or swap space
#   Check if swap backing store is full
#   Decrease Java heap size (-Xmx/-Xms)
#   Decrease number of Java threads
#   Decrease Java thread stack sizes (-Xss)
#   Set larger code cache with -XX:ReservedCodeCacheSize=
#   JVM is running with Unscaled Compressed Oops mode in which the Java heap is
#     placed in the first 4GB address space. The Java Heap base address is the
#     maximum limit for the native heap growth. Please use -XX:HeapBaseMinAddress
#     to set the Java Heap base and to place the Java Heap above 4GB virtual address.
# This output file may be truncated or incomplete.
#
#  Out of Memory Error (arena.cpp:189), pid=25108, tid=10228
#
# JRE version: OpenJDK Runtime Environment Temurin-17.0.4.1+1 (17.0.4.1+1) (build 17.0.4.1+1)
# Java VM: OpenJDK 64-Bit Server VM Temurin-17.0.4.1+1 (17.0.4.1+1, mixed mode, tiered, compressed oops, compressed class ptrs, parallel gc, windows-amd64)
# No core dump will be written. Minidumps are not enabled by default on client versions of Windows
#

---------------  S U M M A R Y ------------

Command Line: --add-modules=ALL-SYSTEM --add-opens=java.base/java.util=ALL-UNNAMED --add-opens=java.base/java.lang=ALL-UNNAMED --add-opens=java.base/sun.nio.fs=ALL-UNNAMED -Declipse.application=org.eclipse.jdt.ls.core.id1 -Dosgi.bundles.defaultStartLevel=4 -Declipse.product=org.eclipse.jdt.ls.core.product -Djava.import.generatesMetadataFilesAtProjectRoot=false -Dfile.encoding=utf8 -DwatchParentProcess=false -XX:+UseParallelGC -XX:GCTimeRatio=4 -XX:AdaptiveSizePolicyWeight=90 -Dsun.zip.disableMemoryMapping=true -Xmx1G -Xms100m -Xlog:disable -javaagent:c:\Users\user\.vscode\extensions\redhat.java-1.11.0-win32-x64\lombok\lombok-1.18.24.jar c:\Users\user\.vscode\extensions\redhat.java-1.11.0-win32-x64\server\plugins\org.eclipse.equinox.launcher_1.6.400.v20210924-0641.jar -configuration c:\Users\user\AppData\Roaming\Code\User\globalStorage\redhat.java\1.11.0\config_ss_win -data c:\Users\user\AppData\Roaming\Code\User\workspaceStorage\f3914d33a264f466a6d49755d0661fdb\redhat.java\ss_ws

Host: Intel(R) Core(TM) i9-9900K CPU @ 3.60GHz, 16 cores, 31G,  Windows 10 , 64 bit Build 19041 (10.0.19041.1889)
Time: Mon Oct  3 20:52:38 2022 Malay Peninsula Standard Time elapsed time: 0.222356 seconds (0d 0h 0m 0s)

---------------  T H R E A D  ---------------

Current thread (0x0000017319c28800):  JavaThread "C2 CompilerThread0" daemon [_thread_in_native, id=10228, stack(0x0000001154500000,0x0000001154600000)]


Current CompileTask:
C2:    222  557   !   4       java.lang.String::replace (258 bytes)

Stack: [0x0000001154500000,0x0000001154600000]
Native frames: (J=compiled Java code, j=interpreted, Vv=VM code, C=native code)
V  [jvm.dll+0x67731a]
V  [jvm.dll+0x832284]
V  [jvm.dll+0x833a2e]
V  [jvm.dll+0x834093]
V  [jvm.dll+0x245775]
V  [jvm.dll+0xabd7b]
V  [jvm.dll+0xac30c]
V  [jvm.dll+0x2ac80f]
V  [jvm.dll+0x57dd77]
V  [jvm.dll+0x220892]
V  [jvm.dll+0x220c6f]
V  [jvm.dll+0x21a4d5]
V  [jvm.dll+0x21799b]
V  [jvm.dll+0x1a3f8d]
V  [jvm.dll+0x227498]
V  [jvm.dll+0x2255e5]
V  [jvm.dll+0x7e7e9b]
V  [jvm.dll+0x7e240a]
V  [jvm.dll+0x6761a5]
C  [ucrtbase.dll+0x21bb2]
C  [KERNEL32.DLL+0x17034]
C  [ntdll.dll+0x526a1]


---------------  P R O C E S S  ---------------

Threads class SMR info:
_java_thread_list=0x000001731bc730a0, length=17, elements={
0x0000017304488180, 0x00000173182e9630, 0x00000173182eaa50, 0x0000017319bf5760,
0x0000017319bf6220, 0x0000017319bf94f0, 0x0000017319c24b30, 0x0000017319c28800,
0x0000017319c27de0, 0x0000017319c32840, 0x0000017319ced8b0, 0x0000017319c25f80,
0x0000017319c29220, 0x0000017319c269a0, 0x0000017319c28d10, 0x0000017319c26490,
0x000001731bc6ce90
}

Java Threads: ( => current thread )
  0x0000017304488180 JavaThread "main" [_thread_in_native, id=18952, stack(0x0000001153c00000,0x0000001153d00000)]
  0x00000173182e9630 JavaThread "Reference Handler" daemon [_thread_blocked, id=17084, stack(0x0000001153f00000,0x0000001154000000)]
  0x00000173182eaa50 JavaThread "Finalizer" daemon [_thread_blocked, id=21072, stack(0x0000001154000000,0x0000001154100000)]
  0x0000017319bf5760 JavaThread "Signal Dispatcher" daemon [_thread_blocked, id=23508, stack(0x0000001154100000,0x0000001154200000)]
  0x0000017319bf6220 JavaThread "Attach Listener" daemon [_thread_blocked, id=13024, stack(0x0000001154200000,0x0000001154300000)]
  0x0000017319bf94f0 JavaThread "Service Thread" daemon [_thread_blocked, id=18012, stack(0x0000001154300000,0x0000001154400000)]
  0x0000017319c24b30 JavaThread "Monitor Deflation Thread" daemon [_thread_blocked, id=16500, stack(0x0000001154400000,0x0000001154500000)]
=>0x0000017319c28800 JavaThread "C2 CompilerThread0" daemon [_thread_in_native, id=10228, stack(0x0000001154500000,0x0000001154600000)]
  0x0000017319c27de0 JavaThread "C1 CompilerThread0" daemon [_thread_blocked, id=24136, stack(0x0000001154600000,0x0000001154700000)]
  0x0000017319c32840 JavaThread "Sweeper thread" daemon [_thread_blocked, id=7136, stack(0x0000001154700000,0x0000001154800000)]
  0x0000017319ced8b0 JavaThread "Common-Cleaner" daemon [_thread_blocked, id=27472, stack(0x0000001154800000,0x0000001154900000)]
  0x0000017319c25f80 JavaThread "C1 CompilerThread1" daemon [_thread_in_vm, id=15572, stack(0x0000001154900000,0x0000001154a00000)]
  0x0000017319c29220 JavaThread "C1 CompilerThread2" daemon [_thread_blocked, id=26248, stack(0x0000001154a00000,0x0000001154b00000)]
  0x0000017319c269a0 JavaThread "C2 CompilerThread1" daemon [_thread_in_native, id=24096, stack(0x0000001154b00000,0x0000001154c00000)]
  0x0000017319c28d10 JavaThread "C2 CompilerThread2" daemon [_thread_in_native, id=12128, stack(0x0000001154c00000,0x0000001154d00000)]
  0x0000017319c26490 JavaThread "C1 CompilerThread3" daemon [_thread_in_native, id=13440, stack(0x0000001154d00000,0x0000001154e00000)]
  0x000001731bc6ce90 JavaThread "Notification Thread" daemon [_thread_blocked, id=25596, stack(0x0000001154e00000,0x0000001154f00000)]

Other Threads:
  0x0000017304512480 VMThread "VM Thread" [stack: 0x0000001153e00000,0x0000001153f00000] [id=25372]
  0x000001731bc028d0 WatcherThread [stack: 0x0000001154f00000,0x0000001155000000] [id=21100]
  0x000001730449c5b0 GCTaskThread "GC Thread#0" [stack: 0x0000001153d00000,0x0000001153e00000] [id=8512]

Threads with active compile tasks:
C2 CompilerThread0      232  557   !   4       java.lang.String::replace (258 bytes)
C1 CompilerThread0      232  624       3       java.lang.AbstractStringBuilder::<init> (63 bytes)
C2 CompilerThread1      232  574 %     4       sun.security.provider.SHA2::implCompress0 @ 220 (490 bytes)
C2 CompilerThread2      232  560       4       java.util.Collections$UnmodifiableCollection::iterator (9 bytes)

VM state: not at safepoint (normal execution)

VM Mutex/Monitor currently owned by a thread: None

Heap address: 0x00000000c0000000, size: 1024 MB, Compressed Oops mode: 32-bit

CDS archive(s) not mapped
Compressed class space mapped at: 0x0000000100000000-0x0000000140000000, reserved size: 1073741824
Narrow klass base: 0x0000000000000000, Narrow klass shift: 3, Narrow klass range: 0x140000000

GC Precious Log:
 CPUs: 16 total, 16 available
 Memory: 32699M
 Large Page Support: Disabled
 NUMA Support: Disabled
 Compressed Oops: Enabled (32-bit)
 Alignments: Space 512K, Generation 512K, Heap 2M
 Heap Min Capacity: 100M
 Heap Initial Capacity: 100M
 Heap Max Capacity: 1G
 Pre-touch: Disabled
 Parallel Workers: 13

Heap:
 PSYoungGen      total 29696K, used 14817K [0x00000000eab00000, 0x00000000ecc00000, 0x0000000100000000)
  eden space 25600K, 57% used [0x00000000eab00000,0x00000000eb978570,0x00000000ec400000)
  from space 4096K, 0% used [0x00000000ec800000,0x00000000ec800000,0x00000000ecc00000)
  to   space 4096K, 0% used [0x00000000ec400000,0x00000000ec400000,0x00000000ec800000)
 ParOldGen       total 68608K, used 0K [0x00000000c0000000, 0x00000000c4300000, 0x00000000eab00000)
  object space 68608K, 0% used [0x00000000c0000000,0x00000000c0000000,0x00000000c4300000)
 Metaspace       used 8716K, committed 8896K, reserved 1064960K
  class space    used 870K, committed 960K, reserved 1048576K

Card table byte_map: [0x0000017303e10000,0x0000017304020000] _byte_map_base: 0x0000017303810000

Marking Bits: (ParMarkBitMap*) 0x00007ffbeeaf2cc0
 Begin Bits: [0x00000173160f0000, 0x00000173170f0000)
 End Bits:   [0x00000173170f0000, 0x00000173180f0000)

Polling page: 0x0000017302350000

Metaspace:

Usage:
  Non-class:      7.66 MB used.
      Class:    870.70 KB used.
       Both:      8.51 MB used.

Virtual space:
  Non-class space:       16.00 MB reserved,       7.75 MB ( 48%) committed,  2 nodes.
      Class space:        1.00 GB reserved,     960.00 KB ( <1%) committed,  1 nodes.
             Both:        1.02 GB reserved,       8.69 MB ( <1%) committed. 

Chunk freelists:
   Non-Class:  3.92 MB
       Class:  3.09 MB
        Both:  7.01 MB

MaxMetaspaceSize: unlimited
CompressedClassSpaceSize: 1.00 GB
Initial GC threshold: 21.00 MB
Current GC threshold: 21.00 MB
CDS: off
MetaspaceReclaimPolicy: balanced
 - commit_granule_bytes: 65536.
 - commit_granule_words: 8192.
 - virtual_space_node_default_size: 1048576.
 - enlarge_chunks_in_place: 1.
 - new_chunks_are_fully_committed: 0.
 - uncommit_free_chunks: 1.
 - use_allocation_guard: 0.
 - handle_deallocations: 1.


Internal statistics:

num_allocs_failed_limit: 0.
num_arena_births: 10.
num_arena_deaths: 0.
num_vsnodes_births: 3.
num_vsnodes_deaths: 0.
num_space_committed: 139.
num_space_uncommitted: 0.
num_chunks_returned_to_freelist: 0.
num_chunks_taken_from_freelist: 44.
num_chunk_merges: 0.
num_chunk_splits: 24.
num_chunks_enlarged: 19.
num_purges: 0.
num_inconsistent_stats: 0.

CodeHeap 'non-profiled nmethods': size=119168Kb used=184Kb max_used=184Kb free=118983Kb
 bounds [0x000001730ec90000, 0x000001730ef00000, 0x00000173160f0000]
CodeHeap 'profiled nmethods': size=119104Kb used=969Kb max_used=969Kb free=118134Kb
 bounds [0x0000017307840000, 0x0000017307ab0000, 0x000001730ec90000]
CodeHeap 'non-nmethods': size=7488Kb used=2817Kb max_used=2839Kb free=4670Kb
 bounds [0x00000173070f0000, 0x00000173073c0000, 0x0000017307840000]
 total_blobs=1031 nmethods=614 adapters=329
 compilation: enabled
              stopped_count=0, restarted_count=0
 full_count=0

Compilation events (20 events):
Event: 0.217 Thread 0x0000017319c26490  561       3       java.util.Arrays::copyOf (40 bytes)
Event: 0.217 Thread 0x0000017319c29220  562       3       java.lang.String::valueOf (15 bytes)
Event: 0.217 Thread 0x0000017319c25f80  563       3       java.util.concurrent.ConcurrentHashMap$Node::<init> (14 bytes)
Event: 0.217 Thread 0x0000017319c29220 nmethod 562 0x0000017307906190 code [0x0000017307906340, 0x0000017307906548]
Event: 0.217 Thread 0x0000017319c27de0  564       3       java.security.Provider$ServiceKey::<init> (39 bytes)
Event: 0.217 Thread 0x0000017319c25f80 nmethod 563 0x0000017307907090 code [0x0000017307907240, 0x0000017307907458]
Event: 0.217 Thread 0x0000017319c26490 nmethod 561 0x0000017307906610 code [0x0000017307906800, 0x0000017307906ea8]
Event: 0.217 Thread 0x0000017319c26490  565       1       java.security.Provider$UString::toString (5 bytes)
Event: 0.217 Thread 0x0000017319c25f80  566       1       java.security.Provider$Service::getProvider (5 bytes)
Event: 0.217 Thread 0x0000017319c26490 nmethod 565 0x000001730ecbc610 code [0x000001730ecbc7a0, 0x000001730ecbc878]
Event: 0.217 Thread 0x0000017319c25f80 nmethod 566 0x000001730ecbc910 code [0x000001730ecbcaa0, 0x000001730ecbcb78]
Event: 0.217 Thread 0x0000017319c27de0 nmethod 564 0x0000017307907590 code [0x0000017307907780, 0x0000017307907bc8]
Event: 0.217 Thread 0x0000017319c25f80  567       3       sun.security.provider.SHA2::implCompress0 (490 bytes)
Event: 0.218 Thread 0x0000017319c25f80 nmethod 567 0x0000017307907d90 code [0x0000017307907f80, 0x00000173079087e8]
Event: 0.218 Thread 0x0000017319c25f80  568       3       sun.security.provider.ByteArrayAccess::b2iBig64 (231 bytes)
Event: 0.218 Thread 0x0000017319c27de0  569       3       sun.security.provider.SHA2::implCompress (13 bytes)
Event: 0.218 Thread 0x0000017319c26490  570       3       sun.security.provider.SHA2::implCompressCheck (27 bytes)
Event: 0.218 Thread 0x0000017319c27de0 nmethod 569 0x0000017307908c90 code [0x0000017307908e80, 0x00000173079092c8]
Event: 0.218 Thread 0x0000017319c26490 nmethod 570 0x0000017307909490 code [0x0000017307909660, 0x0000017307909a18]
Event: 0.221 Thread 0x0000017319c25f80 nmethod 568 0x0000017307909b90 code [0x000001730790a660, 0x0000017307910a38]

GC Heap History (0 events):
No events

Deoptimization events (20 events):
Event: 0.178 Thread 0x0000017304488180 Uncommon trap: trap_request=0xffffffde fr.pc=0x000001730ecb0cc4 relative=0x0000000000000124
Event: 0.178 Thread 0x0000017304488180 Uncommon trap: reason=class_check action=maybe_recompile pc=0x000001730ecb0cc4 method=jdk.internal.misc.Unsafe.allocateUninitializedArray(Ljava/lang/Class;I)Ljava/lang/Object; @ 51 c2
Event: 0.178 Thread 0x0000017304488180 DEOPT PACKING pc=0x000001730ecb0cc4 sp=0x0000001153cfbaa0
Event: 0.178 Thread 0x0000017304488180 DEOPT UNPACKING pc=0x00000173071420a3 sp=0x0000001153cfba28 mode 2
Event: 0.178 Thread 0x0000017304488180 Uncommon trap: trap_request=0xffffffde fr.pc=0x000001730ecb0cc4 relative=0x0000000000000124
Event: 0.178 Thread 0x0000017304488180 Uncommon trap: reason=class_check action=maybe_recompile pc=0x000001730ecb0cc4 method=jdk.internal.misc.Unsafe.allocateUninitializedArray(Ljava/lang/Class;I)Ljava/lang/Object; @ 51 c2
Event: 0.178 Thread 0x0000017304488180 DEOPT PACKING pc=0x000001730ecb0cc4 sp=0x0000001153cfbaa0
Event: 0.178 Thread 0x0000017304488180 DEOPT UNPACKING pc=0x00000173071420a3 sp=0x0000001153cfba28 mode 2
Event: 0.178 Thread 0x0000017304488180 Uncommon trap: trap_request=0xffffffde fr.pc=0x000001730ecb0cc4 relative=0x0000000000000124
Event: 0.178 Thread 0x0000017304488180 Uncommon trap: reason=class_check action=maybe_recompile pc=0x000001730ecb0cc4 method=jdk.internal.misc.Unsafe.allocateUninitializedArray(Ljava/lang/Class;I)Ljava/lang/Object; @ 51 c2
Event: 0.178 Thread 0x0000017304488180 DEOPT PACKING pc=0x000001730ecb0cc4 sp=0x0000001153cfbae0
Event: 0.178 Thread 0x0000017304488180 DEOPT UNPACKING pc=0x00000173071420a3 sp=0x0000001153cfba68 mode 2
Event: 0.185 Thread 0x0000017304488180 Uncommon trap: trap_request=0xffffff45 fr.pc=0x000001730eca49c4 relative=0x00000000000000c4
Event: 0.185 Thread 0x0000017304488180 Uncommon trap: reason=unstable_if action=reinterpret pc=0x000001730eca49c4 method=java.net.URI.match(CJJ)Z @ 45 c2
Event: 0.185 Thread 0x0000017304488180 DEOPT PACKING pc=0x000001730eca49c4 sp=0x0000001153cfc780
Event: 0.185 Thread 0x0000017304488180 DEOPT UNPACKING pc=0x00000173071420a3 sp=0x0000001153cfc708 mode 2
Event: 0.194 Thread 0x0000017304488180 Uncommon trap: trap_request=0xffffff45 fr.pc=0x000001730ecb5f58 relative=0x0000000000000678
Event: 0.194 Thread 0x0000017304488180 Uncommon trap: reason=unstable_if action=reinterpret pc=0x000001730ecb5f58 method=java.lang.String.replace(Ljava/lang/CharSequence;Ljava/lang/CharSequence;)Ljava/lang/String; @ 48 c2
Event: 0.194 Thread 0x0000017304488180 DEOPT PACKING pc=0x000001730ecb5f58 sp=0x0000001153cfc700
Event: 0.194 Thread 0x0000017304488180 DEOPT UNPACKING pc=0x00000173071420a3 sp=0x0000001153cfc680 mode 2

Classes unloaded (0 events):
No events

Classes redefined (0 events):
No events

Internal exceptions (2 events):
Event: 0.060 Thread 0x0000017304488180 Exception <a 'java/lang/NoSuchMethodError'{0x00000000eacb38c8}: 'void java.lang.invoke.DirectMethodHandle$Holder.invokeStatic(java.lang.Object, java.lang.Object, java.lang.Object)'> (0x00000000eacb38c8) 
thrown [s\src\hotspot\share\interpreter\linkResolver.cpp, line 759]
Event: 0.125 Thread 0x0000017304488180 Exception <a 'java/lang/reflect/InvocationTargetException'{0x00000000eb0f9b18}> (0x00000000eb0f9b18) 
thrown [s\src\hotspot\share\runtime\reflection.cpp, line 1121]

VM Operations (6 events):
Event: 0.063 Executing VM operation: HandshakeAllThreads
Event: 0.063 Executing VM operation: HandshakeAllThreads done
Event: 0.100 Executing VM operation: HandshakeAllThreads
Event: 0.100 Executing VM operation: HandshakeAllThreads done
Event: 0.215 Executing VM operation: HandshakeAllThreads
Event: 0.215 Executing VM operation: HandshakeAllThreads done

Events (20 events):
Event: 0.215 loading class sun/security/util/Length
Event: 0.215 loading class sun/security/util/Length done
Event: 0.215 loading class javax/crypto/SecretKey
Event: 0.215 loading class javax/crypto/SecretKey done
Event: 0.215 loading class java/util/LinkedHashMap$LinkedEntrySet
Event: 0.215 loading class java/util/LinkedHashMap$LinkedEntrySet done
Event: 0.215 loading class java/util/LinkedHashMap$LinkedEntryIterator
Event: 0.215 loading class java/util/LinkedHashMap$LinkedEntryIterator done
Event: 0.216 loading class java/util/Base64
Event: 0.216 loading class java/util/Base64 done
Event: 0.216 loading class java/util/Base64$Decoder
Event: 0.216 loading class java/util/Base64$Decoder done
Event: 0.216 loading class java/util/Base64$Encoder
Event: 0.216 loading class java/util/Base64$Encoder done
Event: 0.216 loading class java/util/jar/JarVerifier$VerifierStream
Event: 0.216 loading class java/util/jar/JarVerifier$VerifierStream done
Event: 0.216 loading class sun/security/util/ManifestEntryVerifier$SunProviderHolder
Event: 0.216 loading class sun/security/util/ManifestEntryVerifier$SunProviderHolder done
Event: 0.221 loading class java/lang/NumberFormatException
Event: 0.221 loading class java/lang/NumberFormatException done


Dynamic libraries:
0x00007ff6fd5c0000 - 0x00007ff6fd5ce000 	c:\Users\user\.vscode\extensions\redhat.java-1.11.0-win32-x64\jre\17.0.4.1-win32-x86_64\bin\java.exe
0x00007ffcac350000 - 0x00007ffcac548000 	C:\Windows\SYSTEM32\ntdll.dll
0x00007ffcaa980000 - 0x00007ffcaaa3d000 	C:\Windows\System32\KERNEL32.DLL
0x00007ffca9a70000 - 0x00007ffca9d3e000 	C:\Windows\System32\KERNELBASE.dll
0x00007ffcaa1b0000 - 0x00007ffcaa2b0000 	C:\Windows\System32\ucrtbase.dll
0x00007ffc9e2e0000 - 0x00007ffc9e2f8000 	c:\Users\user\.vscode\extensions\redhat.java-1.11.0-win32-x64\jre\17.0.4.1-win32-x86_64\bin\jli.dll
0x00007ffcabdc0000 - 0x00007ffcabf60000 	C:\Windows\System32\USER32.dll
0x00007ffcaa180000 - 0x00007ffcaa1a2000 	C:\Windows\System32\win32u.dll
0x00007ffcaa5b0000 - 0x00007ffcaa5da000 	C:\Windows\System32\GDI32.dll
0x00007ffca9ed0000 - 0x00007ffca9fdb000 	C:\Windows\System32\gdi32full.dll
0x00007ffcaa090000 - 0x00007ffcaa12d000 	C:\Windows\System32\msvcp_win.dll
0x00007ffc9e070000 - 0x00007ffc9e089000 	c:\Users\user\.vscode\extensions\redhat.java-1.11.0-win32-x64\jre\17.0.4.1-win32-x86_64\bin\VCRUNTIME140.dll
0x00007ffc93530000 - 0x00007ffc937ca000 	C:\Windows\WinSxS\amd64_microsoft.windows.common-controls_6595b64144ccf1df_6.0.19041.1110_none_60b5254171f9507e\COMCTL32.dll
0x00007ffcac0f0000 - 0x00007ffcac18e000 	C:\Windows\System32\msvcrt.dll
0x00007ffcac2c0000 - 0x00007ffcac2f0000 	C:\Windows\System32\IMM32.DLL
0x00007ffc8e910000 - 0x00007ffc8ea68000 	C:\Program Files (x86)\Citrix\ICA Client\epclient64.dll
0x00007ffca9ea0000 - 0x00007ffca9ec7000 	C:\Windows\System32\bcrypt.dll
0x00007ffcab9f0000 - 0x00007ffcabd44000 	C:\Windows\System32\combase.dll
0x00007ffcaa3b0000 - 0x00007ffcaa4d5000 	C:\Windows\System32\RPCRT4.dll
0x00007ffca2a60000 - 0x00007ffca2a6a000 	C:\Windows\SYSTEM32\VERSION.dll
0x00007ffcab1f0000 - 0x00007ffcab29e000 	C:\Windows\System32\ADVAPI32.dll
0x00007ffcabf70000 - 0x00007ffcac00c000 	C:\Windows\System32\sechost.dll
0x00007ffca8730000 - 0x00007ffca8763000 	C:\Windows\SYSTEM32\ntmarta.dll
0x00007ffca7940000 - 0x00007ffca7952000 	C:\Windows\SYSTEM32\kernel.appcore.dll
0x00007ffcaa320000 - 0x00007ffcaa3a2000 	C:\Windows\System32\bcryptprimitives.dll
0x00007ffc9e550000 - 0x00007ffc9e55c000 	c:\Users\user\.vscode\extensions\redhat.java-1.11.0-win32-x64\jre\17.0.4.1-win32-x86_64\bin\vcruntime140_1.dll
0x00007ffc04280000 - 0x00007ffc04311000 	c:\Users\user\.vscode\extensions\redhat.java-1.11.0-win32-x64\jre\17.0.4.1-win32-x86_64\bin\msvcp140.dll
0x00007ffbedf70000 - 0x00007ffbeebb6000 	c:\Users\user\.vscode\extensions\redhat.java-1.11.0-win32-x64\jre\17.0.4.1-win32-x86_64\bin\server\jvm.dll
0x00007ffcabf60000 - 0x00007ffcabf68000 	C:\Windows\System32\PSAPI.DLL
0x00007ffc0f760000 - 0x00007ffc0f769000 	C:\Windows\SYSTEM32\WSOCK32.dll
0x00007ffcab180000 - 0x00007ffcab1eb000 	C:\Windows\System32\WS2_32.dll
0x00007ffc9a260000 - 0x00007ffc9a287000 	C:\Windows\SYSTEM32\WINMM.dll
0x00007ffc9e4a0000 - 0x00007ffc9e4aa000 	c:\Users\user\.vscode\extensions\redhat.java-1.11.0-win32-x64\jre\17.0.4.1-win32-x86_64\bin\jimage.dll
0x00007ffc956a0000 - 0x00007ffc95884000 	C:\Windows\SYSTEM32\DBGHELP.DLL
0x00007ffc8f0c0000 - 0x00007ffc8f0ec000 	C:\Windows\SYSTEM32\dbgcore.DLL
0x00007ffc9e5b0000 - 0x00007ffc9e5be000 	c:\Users\user\.vscode\extensions\redhat.java-1.11.0-win32-x64\jre\17.0.4.1-win32-x86_64\bin\instrument.dll
0x00007ffc9e010000 - 0x00007ffc9e035000 	c:\Users\user\.vscode\extensions\redhat.java-1.11.0-win32-x64\jre\17.0.4.1-win32-x86_64\bin\java.dll
0x00007ffc9e590000 - 0x00007ffc9e5a8000 	c:\Users\user\.vscode\extensions\redhat.java-1.11.0-win32-x64\jre\17.0.4.1-win32-x86_64\bin\zip.dll
0x00007ffcab2a0000 - 0x00007ffcab9e3000 	C:\Windows\System32\SHELL32.dll
0x00007ffca7b40000 - 0x00007ffca82d5000 	C:\Windows\SYSTEM32\windows.storage.dll
0x00007ffca93f0000 - 0x00007ffca9420000 	C:\Windows\SYSTEM32\Wldp.dll
0x00007ffcaa8d0000 - 0x00007ffcaa97d000 	C:\Windows\System32\SHCORE.dll
0x00007ffcab120000 - 0x00007ffcab175000 	C:\Windows\System32\shlwapi.dll
0x00007ffca99b0000 - 0x00007ffca99cf000 	C:\Windows\SYSTEM32\profapi.dll
0x00007ffc9e570000 - 0x00007ffc9e589000 	C:\Users\user\.vscode\extensions\redhat.java-1.11.0-win32-x64\jre\17.0.4.1-win32-x86_64\bin\net.dll
0x00007ffc99080000 - 0x00007ffc9918a000 	C:\Windows\SYSTEM32\WINHTTP.dll
0x00007ffca91d0000 - 0x00007ffca923a000 	C:\Windows\system32\mswsock.dll
0x00007ffc9e300000 - 0x00007ffc9e315000 	C:\Users\user\.vscode\extensions\redhat.java-1.11.0-win32-x64\jre\17.0.4.1-win32-x86_64\bin\nio.dll
0x00007ffc9e560000 - 0x00007ffc9e570000 	c:\Users\user\.vscode\extensions\redhat.java-1.11.0-win32-x64\jre\17.0.4.1-win32-x86_64\bin\verify.dll

dbghelp: loaded successfully - version: 4.0.5 - missing functions: none
symbol engine: initialized successfully - sym options: 0x614 - pdb path: .;c:\Users\user\.vscode\extensions\redhat.java-1.11.0-win32-x64\jre\17.0.4.1-win32-x86_64\bin;C:\Windows\SYSTEM32;C:\Windows\WinSxS\amd64_microsoft.windows.common-controls_6595b64144ccf1df_6.0.19041.1110_none_60b5254171f9507e;C:\Program Files (x86)\Citrix\ICA Client;c:\Users\user\.vscode\extensions\redhat.java-1.11.0-win32-x64\jre\17.0.4.1-win32-x86_64\bin\server

VM Arguments:
jvm_args: --add-modules=ALL-SYSTEM --add-opens=java.base/java.util=ALL-UNNAMED --add-opens=java.base/java.lang=ALL-UNNAMED --add-opens=java.base/sun.nio.fs=ALL-UNNAMED -Declipse.application=org.eclipse.jdt.ls.core.id1 -Dosgi.bundles.defaultStartLevel=4 -Declipse.product=org.eclipse.jdt.ls.core.product -Djava.import.generatesMetadataFilesAtProjectRoot=false -Dfile.encoding=utf8 -DwatchParentProcess=false -XX:+UseParallelGC -XX:GCTimeRatio=4 -XX:AdaptiveSizePolicyWeight=90 -Dsun.zip.disableMemoryMapping=true -Xmx1G -Xms100m -Xlog:disable -javaagent:c:\Users\user\.vscode\extensions\redhat.java-1.11.0-win32-x64\lombok\lombok-1.18.24.jar 
java_command: c:\Users\user\.vscode\extensions\redhat.java-1.11.0-win32-x64\server\plugins\org.eclipse.equinox.launcher_1.6.400.v20210924-0641.jar -configuration c:\Users\user\AppData\Roaming\Code\User\globalStorage\redhat.java\1.11.0\config_ss_win -data c:\Users\user\AppData\Roaming\Code\User\workspaceStorage\f3914d33a264f466a6d49755d0661fdb\redhat.java\ss_ws
java_class_path (initial): c:\Users\user\.vscode\extensions\redhat.java-1.11.0-win32-x64\server\plugins\org.eclipse.equinox.launcher_1.6.400.v20210924-0641.jar
Launcher Type: SUN_STANDARD

[Global flags]
    uintx AdaptiveSizePolicyWeight                 = 90                                        {product} {command line}
     intx CICompilerCount                          = 12                                        {product} {ergonomic}
    uintx GCTimeRatio                              = 4                                         {product} {command line}
   size_t InitialHeapSize                          = 104857600                                 {product} {command line}
   size_t MaxHeapSize                              = 1073741824                                {product} {command line}
   size_t MaxNewSize                               = 357564416                                 {product} {ergonomic}
   size_t MinHeapDeltaBytes                        = 524288                                    {product} {ergonomic}
   size_t MinHeapSize                              = 104857600                                 {product} {command line}
   size_t NewSize                                  = 34603008                                  {product} {ergonomic}
    uintx NonNMethodCodeHeapSize                   = 7602480                                {pd product} {ergonomic}
    uintx NonProfiledCodeHeapSize                  = 122027880                              {pd product} {ergonomic}
   size_t OldSize                                  = 70254592                                  {product} {ergonomic}
    uintx ProfiledCodeHeapSize                     = 122027880                              {pd product} {ergonomic}
    uintx ReservedCodeCacheSize                    = 251658240                              {pd product} {ergonomic}
     bool SegmentedCodeCache                       = true                                      {product} {ergonomic}
   size_t SoftMaxHeapSize                          = 1073741824                             {manageable} {ergonomic}
     bool UseCompressedClassPointers               = true                           {product lp64_product} {ergonomic}
     bool UseCompressedOops                        = true                           {product lp64_product} {ergonomic}
     bool UseLargePagesIndividualAllocation        = false                                  {pd product} {ergonomic}
     bool UseParallelGC                            = true                                      {product} {command line}

Logging:
Log output configuration:
 #0: stdout all=off uptime,level,tags
 #1: stderr all=off uptime,level,tags

Environment Variables:
PATH=C:\Program Files (x86)\VMware\VMware Workstation\bin\;C:\Program Files\Common Files\Oracle\Java\javapath;C:\Windows\system32;C:\Windows;C:\Windows\System32\Wbem;C:\Windows\System32\WindowsPowerShell\v1.0\;C:\Windows\System32\OpenSSH\;C:\Program Files (x86)\NVIDIA Corporation\PhysX\Common;C:\Program Files\NVIDIA Corporation\NVIDIA NvDLISR;C:\Program Files\Common Files\Autodesk Shared\;C:\Program Files (x86)\Autodesk\Backburner\;C:\Program Files\Git\cmd;C:\Program Files (x86)\Tailscale IPN;C:\Users\user\AppData\Local\Microsoft\WindowsApps;C:\Users\user\AppData\Local\Programs\Microsoft VS Code\bin;C:\Users\user\AppData\Local\GitHubDesktop\bin;C:\opt\apache-maven-3.8.5\bin;C:\Program Files\heroku\bin
USERNAME=user
OS=Windows_NT
PROCESSOR_IDENTIFIER=Intel64 Family 6 Model 158 Stepping 13, GenuineIntel
TMP=C:\Users\user\AppData\Local\Temp
TEMP=C:\Users\user\AppData\Local\Temp



---------------  S Y S T E M  ---------------

OS:
 Windows 10 , 64 bit Build 19041 (10.0.19041.1889)
OS uptime: 18 days 10:39 hours
Hyper-V role detected

CPU: total 16 (initial active 16) (8 cores per cpu, 2 threads per core) family 6 model 158 stepping 13 microcode 0xde, cx8, cmov, fxsr, ht, mmx, 3dnowpref, sse, sse2, sse3, ssse3, sse4.1, sse4.2, popcnt, lzcnt, tsc, tscinvbit, avx, avx2, aes, erms, clmul, bmi1, bmi2, adx, fma, vzeroupper, clflush, clflushopt, hv

Memory: 4k page, system-wide physical 32699M (1262M free)
TotalPageFile size 131003M (AvailPageFile size 2M)
current process WorkingSet (physical memory assigned to process): 60M, peak: 60M
current process commit charge ("private bytes"): 215M, peak: 217M

vm_info: OpenJDK 64-Bit Server VM (17.0.4.1+1) for windows-amd64 JRE (17.0.4.1+1), built on Aug 17 2022 07:42:43 by "temurin" with MS VC++ 16.7 (VS2019)

END.
