#
# There is insufficient memory for the Java Runtime Environment to continue.
# Native memory allocation (malloc) failed to allocate 475056 bytes for Chunk::new
# Possible reasons:
#   The system is out of physical RAM or swap space
#   The process is running with CompressedOops enabled, and the Java Heap may be blocking the growth of the native heap
# Possible solutions:
#   Reduce memory load on the system
#   Increase physical memory or swap space
#   Check if swap backing store is full
#   Decrease Java heap size (-Xmx/-Xms)
#   Decrease number of Java threads
#   Decrease Java thread stack sizes (-Xss)
#   Set larger code cache with -XX:ReservedCodeCacheSize=
#   JVM is running with Unscaled Compressed Oops mode in which the Java heap is
#     placed in the first 4GB address space. The Java Heap base address is the
#     maximum limit for the native heap growth. Please use -XX:HeapBaseMinAddress
#     to set the Java Heap base and to place the Java Heap above 4GB virtual address.
# This output file may be truncated or incomplete.
#
#  Out of Memory Error (arena.cpp:189), pid=29780, tid=22468
#
# JRE version: OpenJDK Runtime Environment Temurin-17.0.4.1+1 (17.0.4.1+1) (build 17.0.4.1+1)
# Java VM: OpenJDK 64-Bit Server VM Temurin-17.0.4.1+1 (17.0.4.1+1, mixed mode, tiered, compressed oops, compressed class ptrs, parallel gc, windows-amd64)
# No core dump will be written. Minidumps are not enabled by default on client versions of Windows
#

---------------  S U M M A R Y ------------

Command Line: --add-modules=ALL-SYSTEM --add-opens=java.base/java.util=ALL-UNNAMED --add-opens=java.base/java.lang=ALL-UNNAMED --add-opens=java.base/sun.nio.fs=ALL-UNNAMED -Declipse.application=org.eclipse.jdt.ls.core.id1 -Dosgi.bundles.defaultStartLevel=4 -Declipse.product=org.eclipse.jdt.ls.core.product -Djava.import.generatesMetadataFilesAtProjectRoot=false -Dfile.encoding=utf8 -DwatchParentProcess=false -XX:+UseParallelGC -XX:GCTimeRatio=4 -XX:AdaptiveSizePolicyWeight=90 -Dsun.zip.disableMemoryMapping=true -Xmx1G -Xms100m -Xlog:disable -javaagent:c:\Users\user\.vscode\extensions\redhat.java-1.11.0-win32-x64\lombok\lombok-1.18.24.jar c:\Users\user\.vscode\extensions\redhat.java-1.11.0-win32-x64\server\plugins\org.eclipse.equinox.launcher_1.6.400.v20210924-0641.jar -configuration c:\Users\user\AppData\Roaming\Code\User\globalStorage\redhat.java\1.11.0\config_ss_win -data c:\Users\user\AppData\Roaming\Code\User\workspaceStorage\f3914d33a264f466a6d49755d0661fdb\redhat.java\ss_ws

Host: Intel(R) Core(TM) i9-9900K CPU @ 3.60GHz, 16 cores, 31G,  Windows 10 , 64 bit Build 19041 (10.0.19041.1889)
Time: Mon Oct  3 20:52:37 2022 Malay Peninsula Standard Time elapsed time: 0.328901 seconds (0d 0h 0m 0s)

---------------  T H R E A D  ---------------

Current thread (0x000001db93536d20):  JavaThread "C2 CompilerThread5" daemon [_thread_in_native, id=22468, stack(0x000000beca000000,0x000000beca100000)]


Current CompileTask:
C2:    329  797   !   4       java.util.jar.Attributes::read (498 bytes)

Stack: [0x000000beca000000,0x000000beca100000]
Native frames: (J=compiled Java code, j=interpreted, Vv=VM code, C=native code)
V  [jvm.dll+0x67731a]
V  [jvm.dll+0x832284]
V  [jvm.dll+0x833a2e]
V  [jvm.dll+0x834093]
V  [jvm.dll+0x245775]
V  [jvm.dll+0xabd7b]
V  [jvm.dll+0xac30c]
V  [jvm.dll+0x363a42]
V  [jvm.dll+0x1bbd52]
V  [jvm.dll+0x2187d9]
V  [jvm.dll+0x217aa1]
V  [jvm.dll+0x1a3f8d]
V  [jvm.dll+0x227498]
V  [jvm.dll+0x2255e5]
V  [jvm.dll+0x7e7e9b]
V  [jvm.dll+0x7e240a]
V  [jvm.dll+0x6761a5]
C  [ucrtbase.dll+0x21bb2]
C  [KERNEL32.DLL+0x17034]
C  [ntdll.dll+0x526a1]


---------------  P R O C E S S  ---------------

Threads class SMR info:
_java_thread_list=0x000001db959e38e0, length=20, elements={
0x000001dbfd5bb9a0, 0x000001dbff85a640, 0x000001dbff85be30, 0x000001db93504e20,
0x000001db935057e0, 0x000001db93506460, 0x000001db93534010, 0x000001db93538670,
0x000001db93538b80, 0x000001db93545ba0, 0x000001db936ca550, 0x000001db93536300,
0x000001db93538160, 0x000001db93537740, 0x000001db935353d0, 0x000001db93537c50,
0x000001db936c7ed0, 0x000001db935358e0, 0x000001db93535df0, 0x000001db93536d20
}

Java Threads: ( => current thread )
  0x000001dbfd5bb9a0 JavaThread "main" [_thread_in_Java, id=7812, stack(0x000000bec8a00000,0x000000bec8b00000)]
  0x000001dbff85a640 JavaThread "Reference Handler" daemon [_thread_blocked, id=30424, stack(0x000000bec8d00000,0x000000bec8e00000)]
  0x000001dbff85be30 JavaThread "Finalizer" daemon [_thread_blocked, id=29244, stack(0x000000bec8e00000,0x000000bec8f00000)]
  0x000001db93504e20 JavaThread "Signal Dispatcher" daemon [_thread_blocked, id=21968, stack(0x000000bec8f00000,0x000000bec9000000)]
  0x000001db935057e0 JavaThread "Attach Listener" daemon [_thread_blocked, id=6080, stack(0x000000bec9000000,0x000000bec9100000)]
  0x000001db93506460 JavaThread "Service Thread" daemon [_thread_blocked, id=19520, stack(0x000000bec9100000,0x000000bec9200000)]
  0x000001db93534010 JavaThread "Monitor Deflation Thread" daemon [_thread_blocked, id=29388, stack(0x000000bec9200000,0x000000bec9300000)]
  0x000001db93538670 JavaThread "C2 CompilerThread0" daemon [_thread_blocked, id=7944, stack(0x000000bec9300000,0x000000bec9400000)]
  0x000001db93538b80 JavaThread "C1 CompilerThread0" daemon [_thread_blocked, id=23996, stack(0x000000bec9400000,0x000000bec9500000)]
  0x000001db93545ba0 JavaThread "Sweeper thread" daemon [_thread_blocked, id=16920, stack(0x000000bec9500000,0x000000bec9600000)]
  0x000001db936ca550 JavaThread "Common-Cleaner" daemon [_thread_blocked, id=21920, stack(0x000000bec9600000,0x000000bec9700000)]
  0x000001db93536300 JavaThread "C1 CompilerThread1" daemon [_thread_blocked, id=26220, stack(0x000000bec9700000,0x000000bec9800000)]
  0x000001db93538160 JavaThread "C1 CompilerThread2" daemon [_thread_blocked, id=29276, stack(0x000000bec9800000,0x000000bec9900000)]
  0x000001db93537740 JavaThread "C2 CompilerThread1" daemon [_thread_blocked, id=17792, stack(0x000000bec9900000,0x000000bec9a00000)]
  0x000001db935353d0 JavaThread "C2 CompilerThread2" daemon [_thread_blocked, id=27980, stack(0x000000bec9a00000,0x000000bec9b00000)]
  0x000001db93537c50 JavaThread "C1 CompilerThread3" daemon [_thread_blocked, id=15972, stack(0x000000bec9b00000,0x000000bec9c00000)]
  0x000001db936c7ed0 JavaThread "Notification Thread" daemon [_thread_blocked, id=17080, stack(0x000000bec9c00000,0x000000bec9d00000)]
  0x000001db935358e0 JavaThread "C2 CompilerThread3" daemon [_thread_blocked, id=12252, stack(0x000000bec9e00000,0x000000bec9f00000)]
  0x000001db93535df0 JavaThread "C2 CompilerThread4" daemon [_thread_blocked, id=22348, stack(0x000000bec9f00000,0x000000beca000000)]
=>0x000001db93536d20 JavaThread "C2 CompilerThread5" daemon [_thread_in_native, id=22468, stack(0x000000beca000000,0x000000beca100000)]

Other Threads:
  0x000001dbfd65ec40 VMThread "VM Thread" [stack: 0x000000bec8c00000,0x000000bec8d00000] [id=25268]
  0x000001db9550d3e0 WatcherThread [stack: 0x000000bec9d00000,0x000000bec9e00000] [id=16720]
  0x000001dbfd5d0050 GCTaskThread "GC Thread#0" [stack: 0x000000bec8b00000,0x000000bec8c00000] [id=5068]

Threads with active compile tasks:
C2 CompilerThread0      338  901       4       java.util.concurrent.ConcurrentHashMap::setTabAt (20 bytes)
C1 CompilerThread0      338  902  s!   3       jdk.internal.loader.URLClassPath::getLoader (196 bytes)
C2 CompilerThread5      338  797   !   4       java.util.jar.Attributes::read (498 bytes)

VM state: not at safepoint (normal execution)

VM Mutex/Monitor currently owned by a thread: None

Heap address: 0x00000000c0000000, size: 1024 MB, Compressed Oops mode: 32-bit

CDS archive(s) not mapped
Compressed class space mapped at: 0x0000000100000000-0x0000000140000000, reserved size: 1073741824
Narrow klass base: 0x0000000000000000, Narrow klass shift: 3, Narrow klass range: 0x140000000

GC Precious Log:
 CPUs: 16 total, 16 available
 Memory: 32699M
 Large Page Support: Disabled
 NUMA Support: Disabled
 Compressed Oops: Enabled (32-bit)
 Alignments: Space 512K, Generation 512K, Heap 2M
 Heap Min Capacity: 100M
 Heap Initial Capacity: 100M
 Heap Max Capacity: 1G
 Pre-touch: Disabled
 Parallel Workers: 13

Heap:
 PSYoungGen      total 29696K, used 23984K [0x00000000eab00000, 0x00000000ecc00000, 0x0000000100000000)
  eden space 25600K, 93% used [0x00000000eab00000,0x00000000ec26c120,0x00000000ec400000)
  from space 4096K, 0% used [0x00000000ec800000,0x00000000ec800000,0x00000000ecc00000)
  to   space 4096K, 0% used [0x00000000ec400000,0x00000000ec400000,0x00000000ec800000)
 ParOldGen       total 68608K, used 0K [0x00000000c0000000, 0x00000000c4300000, 0x00000000eab00000)
  object space 68608K, 0% used [0x00000000c0000000,0x00000000c0000000,0x00000000c4300000)
 Metaspace       used 10053K, committed 10176K, reserved 1064960K
  class space    used 1006K, committed 1088K, reserved 1048576K

Card table byte_map: [0x000001dbfcf40000,0x000001dbfd150000] _byte_map_base: 0x000001dbfc940000

Marking Bits: (ParMarkBitMap*) 0x00007ffbeeaf2cc0
 Begin Bits: [0x000001dbfd660000, 0x000001dbfe660000)
 End Bits:   [0x000001dbfe660000, 0x000001dbff660000)

Polling page: 0x000001dbfb560000

Metaspace:

Usage:
  Non-class:      8.84 MB used.
      Class:   1006.20 KB used.
       Both:      9.82 MB used.

Virtual space:
  Non-class space:       16.00 MB reserved,       8.88 MB ( 55%) committed,  2 nodes.
      Class space:        1.00 GB reserved,       1.06 MB ( <1%) committed,  1 nodes.
             Both:        1.02 GB reserved,       9.94 MB ( <1%) committed. 

Chunk freelists:
   Non-Class:  2.38 MB
       Class:  2.95 MB
        Both:  5.33 MB

MaxMetaspaceSize: unlimited
CompressedClassSpaceSize: 1.00 GB
Initial GC threshold: 21.00 MB
Current GC threshold: 21.00 MB
CDS: off
MetaspaceReclaimPolicy: balanced
 - commit_granule_bytes: 65536.
 - commit_granule_words: 8192.
 - virtual_space_node_default_size: 1048576.
 - enlarge_chunks_in_place: 1.
 - new_chunks_are_fully_committed: 0.
 - uncommit_free_chunks: 1.
 - use_allocation_guard: 0.
 - handle_deallocations: 1.


Internal statistics:

num_allocs_failed_limit: 0.
num_arena_births: 16.
num_arena_deaths: 0.
num_vsnodes_births: 3.
num_vsnodes_deaths: 0.
num_space_committed: 159.
num_space_uncommitted: 0.
num_chunks_returned_to_freelist: 0.
num_chunks_taken_from_freelist: 76.
num_chunk_merges: 0.
num_chunk_splits: 49.
num_chunks_enlarged: 45.
num_purges: 0.
num_inconsistent_stats: 0.

CodeHeap 'non-profiled nmethods': size=119168Kb used=340Kb max_used=340Kb free=118827Kb
 bounds [0x000001db8a760000, 0x000001db8a9d0000, 0x000001db91bc0000]
CodeHeap 'profiled nmethods': size=119104Kb used=1555Kb max_used=1555Kb free=117549Kb
 bounds [0x000001db83310000, 0x000001db83580000, 0x000001db8a760000]
CodeHeap 'non-nmethods': size=7488Kb used=2824Kb max_used=2862Kb free=4663Kb
 bounds [0x000001db82bc0000, 0x000001db82e90000, 0x000001db83310000]
 total_blobs=1323 nmethods=898 adapters=337
 compilation: enabled
              stopped_count=0, restarted_count=0
 full_count=0

Compilation events (20 events):
Event: 0.326 Thread 0x000001db93536300  860       3       jdk.internal.loader.BuiltinClassLoader::loadClass (22 bytes)
Event: 0.326 Thread 0x000001db93536300 nmethod 860 0x000001db83477b10 code [0x000001db83477cc0, 0x000001db83477f58]
Event: 0.326 Thread 0x000001db93538b80  861       3       java.util.LinkedHashMap::get (29 bytes)
Event: 0.326 Thread 0x000001db93538b80 nmethod 861 0x000001db83478090 code [0x000001db83478240, 0x000001db83478498]
Event: 0.327 Thread 0x000001db93538160  862       3       java.util.jar.JarVerifier::update (43 bytes)
Event: 0.327 Thread 0x000001db93538b80  863       3       java.util.jar.JarFile::maybeInstantiateVerifier (42 bytes)
Event: 0.327 Thread 0x000001db93538160 nmethod 862 0x000001db83478590 code [0x000001db83478760, 0x000001db83478aa8]
Event: 0.327 Thread 0x000001db93536300  864  s    3       jdk.internal.perf.PerfCounter::add (18 bytes)
Event: 0.327 Thread 0x000001db93538160  865  s    3       jdk.internal.perf.PerfCounter::get (9 bytes)
Event: 0.327 Thread 0x000001db93537c50  866   !   3       java.nio.DirectLongBufferU::get (36 bytes)
Event: 0.327 Thread 0x000001db93538b80 nmethod 863 0x000001db83478c10 code [0x000001db83478de0, 0x000001db83479178]
Event: 0.327 Thread 0x000001db93538b80  867   !   3       jdk.internal.misc.ScopedMemoryAccess::getLong (20 bytes)
Event: 0.327 Thread 0x000001db93538160 nmethod 865 0x000001db83479290 code [0x000001db83479440, 0x000001db83479648]
Event: 0.327 Thread 0x000001db93538160  868   !   3       jdk.internal.misc.ScopedMemoryAccess::getLongInternal (36 bytes)
Event: 0.327 Thread 0x000001db93536300 nmethod 864 0x000001db83479790 code [0x000001db83479960, 0x000001db83479d18]
Event: 0.327 Thread 0x000001db93536300  869   !   3       java.nio.DirectLongBufferU::put (39 bytes)
Event: 0.327 Thread 0x000001db93538b80 nmethod 867 0x000001db83479f10 code [0x000001db8347a100, 0x000001db8347a618]
Event: 0.327 Thread 0x000001db93538160 nmethod 868 0x000001db8347a890 code [0x000001db8347aa40, 0x000001db8347ad28]
Event: 0.327 Thread 0x000001db93538b80  870   !   3       jdk.internal.misc.ScopedMemoryAccess::putLong (25 bytes)
Event: 0.327 Thread 0x000001db93538160  871   !   3       jdk.internal.misc.ScopedMemoryAccess::putLongInternal (37 bytes)

GC Heap History (0 events):
No events

Deoptimization events (20 events):
Event: 0.308 Thread 0x000001dbfd5bb9a0 Uncommon trap: trap_request=0xffffffde fr.pc=0x000001db8a7a64cc relative=0x0000000000000a8c
Event: 0.308 Thread 0x000001dbfd5bb9a0 Uncommon trap: reason=class_check action=maybe_recompile pc=0x000001db8a7a64cc method=java.util.HashMap.putVal(ILjava/lang/Object;Ljava/lang/Object;ZZ)Ljava/lang/Object; @ 203 c2
Event: 0.308 Thread 0x000001dbfd5bb9a0 DEOPT PACKING pc=0x000001db8a7a64cc sp=0x000000bec8afd8f0
Event: 0.308 Thread 0x000001dbfd5bb9a0 DEOPT UNPACKING pc=0x000001db82c120a3 sp=0x000000bec8afd818 mode 2
Event: 0.308 Thread 0x000001dbfd5bb9a0 Uncommon trap: trap_request=0xffffffde fr.pc=0x000001db8a7a64cc relative=0x0000000000000a8c
Event: 0.308 Thread 0x000001dbfd5bb9a0 Uncommon trap: reason=class_check action=maybe_recompile pc=0x000001db8a7a64cc method=java.util.HashMap.putVal(ILjava/lang/Object;Ljava/lang/Object;ZZ)Ljava/lang/Object; @ 203 c2
Event: 0.308 Thread 0x000001dbfd5bb9a0 DEOPT PACKING pc=0x000001db8a7a64cc sp=0x000000bec8afd8f0
Event: 0.308 Thread 0x000001dbfd5bb9a0 DEOPT UNPACKING pc=0x000001db82c120a3 sp=0x000000bec8afd818 mode 2
Event: 0.321 Thread 0x000001dbfd5bb9a0 Uncommon trap: trap_request=0xffffffde fr.pc=0x000001db8a78edcc relative=0x000000000000056c
Event: 0.321 Thread 0x000001dbfd5bb9a0 Uncommon trap: reason=class_check action=maybe_recompile pc=0x000001db8a78edcc method=java.util.Collections$UnmodifiableCollection$1.<init>(Ljava/util/Collections$UnmodifiableCollection;)V @ 17 c2
Event: 0.321 Thread 0x000001dbfd5bb9a0 DEOPT PACKING pc=0x000001db8a78edcc sp=0x000000bec8afe150
Event: 0.321 Thread 0x000001dbfd5bb9a0 DEOPT UNPACKING pc=0x000001db82c120a3 sp=0x000000bec8afe098 mode 2
Event: 0.321 Thread 0x000001dbfd5bb9a0 Uncommon trap: trap_request=0xffffffc6 fr.pc=0x000001db8a784358 relative=0x00000000000002b8
Event: 0.321 Thread 0x000001dbfd5bb9a0 Uncommon trap: reason=bimorphic_or_optimized_type_check action=maybe_recompile pc=0x000001db8a784358 method=java.util.Collections$UnmodifiableCollection$1.next()Ljava/lang/Object; @ 4 c2
Event: 0.321 Thread 0x000001dbfd5bb9a0 DEOPT PACKING pc=0x000001db8a784358 sp=0x000000bec8afe160
Event: 0.321 Thread 0x000001dbfd5bb9a0 DEOPT UNPACKING pc=0x000001db82c120a3 sp=0x000000bec8afe110 mode 2
Event: 0.321 Thread 0x000001dbfd5bb9a0 Uncommon trap: trap_request=0xffffffc6 fr.pc=0x000001db8a784358 relative=0x00000000000002b8
Event: 0.321 Thread 0x000001dbfd5bb9a0 Uncommon trap: reason=bimorphic_or_optimized_type_check action=maybe_recompile pc=0x000001db8a784358 method=java.util.Collections$UnmodifiableCollection$1.next()Ljava/lang/Object; @ 4 c2
Event: 0.321 Thread 0x000001dbfd5bb9a0 DEOPT PACKING pc=0x000001db8a784358 sp=0x000000bec8afe160
Event: 0.321 Thread 0x000001dbfd5bb9a0 DEOPT UNPACKING pc=0x000001db82c120a3 sp=0x000000bec8afe110 mode 2

Classes unloaded (0 events):
No events

Classes redefined (0 events):
No events

Internal exceptions (13 events):
Event: 0.062 Thread 0x000001dbfd5bb9a0 Exception <a 'java/lang/NoSuchMethodError'{0x00000000eacb3920}: 'void java.lang.invoke.DirectMethodHandle$Holder.invokeStatic(java.lang.Object, java.lang.Object, java.lang.Object)'> (0x00000000eacb3920) 
thrown [s\src\hotspot\share\interpreter\linkResolver.cpp, line 759]
Event: 0.126 Thread 0x000001dbfd5bb9a0 Exception <a 'java/lang/reflect/InvocationTargetException'{0x00000000eb0f9410}> (0x00000000eb0f9410) 
thrown [s\src\hotspot\share\runtime\reflection.cpp, line 1121]
Event: 0.231 Thread 0x000001dbfd5bb9a0 Exception <a 'java/lang/ClassNotFoundException'{0x00000000eb89eb30}: sun/net/www/protocol/c/Handler> (0x00000000eb89eb30) 
thrown [s\src\hotspot\share\classfile\systemDictionary.cpp, line 256]
Event: 0.233 Thread 0x000001dbfd5bb9a0 Exception <a 'java/io/FileNotFoundException'{0x00000000eb8b24e8}> (0x00000000eb8b24e8) 
thrown [s\src\hotspot\share\prims\jni.cpp, line 516]
Event: 0.233 Thread 0x000001dbfd5bb9a0 Exception <a 'java/io/FileNotFoundException'{0x00000000eb8b31f8}> (0x00000000eb8b31f8) 
thrown [s\src\hotspot\share\prims\jni.cpp, line 516]
Event: 0.233 Thread 0x000001dbfd5bb9a0 Exception <a 'java/io/FileNotFoundException'{0x00000000eb8b3ee8}> (0x00000000eb8b3ee8) 
thrown [s\src\hotspot\share\prims\jni.cpp, line 516]
Event: 0.233 Thread 0x000001dbfd5bb9a0 Exception <a 'java/io/FileNotFoundException'{0x00000000eb8b4ba8}> (0x00000000eb8b4ba8) 
thrown [s\src\hotspot\share\prims\jni.cpp, line 516]
Event: 0.236 Thread 0x000001dbfd5bb9a0 Implicit null exception at 0x000001db8a781a72 to 0x000001db8a781fc0
Event: 0.238 Thread 0x000001dbfd5bb9a0 Exception <a 'java/io/FileNotFoundException'{0x00000000eb8f56c0}> (0x00000000eb8f56c0) 
thrown [s\src\hotspot\share\prims\jni.cpp, line 516]
Event: 0.316 Thread 0x000001dbfd5bb9a0 Exception <a 'java/lang/ClassNotFoundException'{0x00000000ec0f2668}: sun/net/www/protocol/c/Handler> (0x00000000ec0f2668) 
thrown [s\src\hotspot\share\classfile\systemDictionary.cpp, line 256]
Event: 0.317 Thread 0x000001dbfd5bb9a0 Exception <a 'java/lang/ClassNotFoundException'{0x00000000ec0f39a8}: sun/net/www/protocol/c/Handler> (0x00000000ec0f39a8) 
thrown [s\src\hotspot\share\classfile\systemDictionary.cpp, line 256]
Event: 0.317 Thread 0x000001dbfd5bb9a0 Exception <a 'java/lang/ClassNotFoundException'{0x00000000ec0f4b20}: sun/net/www/protocol/c/Handler> (0x00000000ec0f4b20) 
thrown [s\src\hotspot\share\classfile\systemDictionary.cpp, line 256]
Event: 0.321 Thread 0x000001dbfd5bb9a0 Exception <a 'java/io/FileNotFoundException'{0x00000000ec113768}> (0x00000000ec113768) 
thrown [s\src\hotspot\share\prims\jni.cpp, line 516]

VM Operations (8 events):
Event: 0.064 Executing VM operation: HandshakeAllThreads
Event: 0.064 Executing VM operation: HandshakeAllThreads done
Event: 0.102 Executing VM operation: HandshakeAllThreads
Event: 0.102 Executing VM operation: HandshakeAllThreads done
Event: 0.219 Executing VM operation: HandshakeAllThreads
Event: 0.219 Executing VM operation: HandshakeAllThreads done
Event: 0.227 Executing VM operation: HandshakeAllThreads
Event: 0.227 Executing VM operation: HandshakeAllThreads done

Events (20 events):
Event: 0.307 loading class sun/nio/cs/UTF_8$Decoder
Event: 0.307 loading class sun/nio/cs/UTF_8$Decoder done
Event: 0.308 loading class java/nio/charset/CoderResult
Event: 0.308 loading class java/nio/charset/CoderResult done
Event: 0.314 loading class java/util/Random
Event: 0.314 loading class java/util/random/RandomGenerator
Event: 0.314 loading class java/util/random/RandomGenerator done
Event: 0.314 loading class java/util/Random done
Event: 0.314 loading class java/util/UUID
Event: 0.314 loading class java/util/UUID done
Event: 0.314 loading class java/util/concurrent/atomic/AtomicBoolean
Event: 0.315 loading class java/util/concurrent/atomic/AtomicBoolean done
Event: 0.315 loading class java/lang/invoke/VarHandleInts$FieldInstanceReadWrite
Event: 0.315 loading class java/lang/invoke/VarHandleInts$FieldInstanceReadOnly
Event: 0.315 loading class java/lang/invoke/VarHandleInts$FieldInstanceReadOnly done
Event: 0.315 loading class java/lang/invoke/VarHandleInts$FieldInstanceReadWrite done
Event: 0.319 loading class java/nio/file/FileVisitor
Event: 0.319 loading class java/nio/file/FileVisitor done
Event: 0.326 loading class java/io/StringWriter
Event: 0.326 loading class java/io/StringWriter done


Dynamic libraries:
0x00007ff6fd5c0000 - 0x00007ff6fd5ce000 	c:\Users\user\.vscode\extensions\redhat.java-1.11.0-win32-x64\jre\17.0.4.1-win32-x86_64\bin\java.exe
0x00007ffcac350000 - 0x00007ffcac548000 	C:\Windows\SYSTEM32\ntdll.dll
0x00007ffcaa980000 - 0x00007ffcaaa3d000 	C:\Windows\System32\KERNEL32.DLL
0x00007ffca9a70000 - 0x00007ffca9d3e000 	C:\Windows\System32\KERNELBASE.dll
0x00007ffcaa1b0000 - 0x00007ffcaa2b0000 	C:\Windows\System32\ucrtbase.dll
0x00007ffc9e2e0000 - 0x00007ffc9e2f8000 	c:\Users\user\.vscode\extensions\redhat.java-1.11.0-win32-x64\jre\17.0.4.1-win32-x86_64\bin\jli.dll
0x00007ffcabdc0000 - 0x00007ffcabf60000 	C:\Windows\System32\USER32.dll
0x00007ffcaa180000 - 0x00007ffcaa1a2000 	C:\Windows\System32\win32u.dll
0x00007ffcaa5b0000 - 0x00007ffcaa5da000 	C:\Windows\System32\GDI32.dll
0x00007ffca9ed0000 - 0x00007ffca9fdb000 	C:\Windows\System32\gdi32full.dll
0x00007ffcaa090000 - 0x00007ffcaa12d000 	C:\Windows\System32\msvcp_win.dll
0x00007ffc9e070000 - 0x00007ffc9e089000 	c:\Users\user\.vscode\extensions\redhat.java-1.11.0-win32-x64\jre\17.0.4.1-win32-x86_64\bin\VCRUNTIME140.dll
0x00007ffc93530000 - 0x00007ffc937ca000 	C:\Windows\WinSxS\amd64_microsoft.windows.common-controls_6595b64144ccf1df_6.0.19041.1110_none_60b5254171f9507e\COMCTL32.dll
0x00007ffcac0f0000 - 0x00007ffcac18e000 	C:\Windows\System32\msvcrt.dll
0x00007ffcac2c0000 - 0x00007ffcac2f0000 	C:\Windows\System32\IMM32.DLL
0x00007ffc8e910000 - 0x00007ffc8ea68000 	C:\Program Files (x86)\Citrix\ICA Client\epclient64.dll
0x00007ffca9ea0000 - 0x00007ffca9ec7000 	C:\Windows\System32\bcrypt.dll
0x00007ffcab9f0000 - 0x00007ffcabd44000 	C:\Windows\System32\combase.dll
0x00007ffcaa3b0000 - 0x00007ffcaa4d5000 	C:\Windows\System32\RPCRT4.dll
0x00007ffca2a60000 - 0x00007ffca2a6a000 	C:\Windows\SYSTEM32\VERSION.dll
0x00007ffcab1f0000 - 0x00007ffcab29e000 	C:\Windows\System32\ADVAPI32.dll
0x00007ffcabf70000 - 0x00007ffcac00c000 	C:\Windows\System32\sechost.dll
0x00007ffca8730000 - 0x00007ffca8763000 	C:\Windows\SYSTEM32\ntmarta.dll
0x00007ffca7940000 - 0x00007ffca7952000 	C:\Windows\SYSTEM32\kernel.appcore.dll
0x00007ffcaa320000 - 0x00007ffcaa3a2000 	C:\Windows\System32\bcryptprimitives.dll
0x00007ffc9e550000 - 0x00007ffc9e55c000 	c:\Users\user\.vscode\extensions\redhat.java-1.11.0-win32-x64\jre\17.0.4.1-win32-x86_64\bin\vcruntime140_1.dll
0x00007ffc04280000 - 0x00007ffc04311000 	c:\Users\user\.vscode\extensions\redhat.java-1.11.0-win32-x64\jre\17.0.4.1-win32-x86_64\bin\msvcp140.dll
0x00007ffbedf70000 - 0x00007ffbeebb6000 	c:\Users\user\.vscode\extensions\redhat.java-1.11.0-win32-x64\jre\17.0.4.1-win32-x86_64\bin\server\jvm.dll
0x00007ffcabf60000 - 0x00007ffcabf68000 	C:\Windows\System32\PSAPI.DLL
0x00007ffc0f760000 - 0x00007ffc0f769000 	C:\Windows\SYSTEM32\WSOCK32.dll
0x00007ffcab180000 - 0x00007ffcab1eb000 	C:\Windows\System32\WS2_32.dll
0x00007ffc9a260000 - 0x00007ffc9a287000 	C:\Windows\SYSTEM32\WINMM.dll
0x00007ffc9e4a0000 - 0x00007ffc9e4aa000 	c:\Users\user\.vscode\extensions\redhat.java-1.11.0-win32-x64\jre\17.0.4.1-win32-x86_64\bin\jimage.dll
0x00007ffc956a0000 - 0x00007ffc95884000 	C:\Windows\SYSTEM32\DBGHELP.DLL
0x00007ffc8f0c0000 - 0x00007ffc8f0ec000 	C:\Windows\SYSTEM32\dbgcore.DLL
0x00007ffc9e5b0000 - 0x00007ffc9e5be000 	c:\Users\user\.vscode\extensions\redhat.java-1.11.0-win32-x64\jre\17.0.4.1-win32-x86_64\bin\instrument.dll
0x00007ffc9e010000 - 0x00007ffc9e035000 	c:\Users\user\.vscode\extensions\redhat.java-1.11.0-win32-x64\jre\17.0.4.1-win32-x86_64\bin\java.dll
0x00007ffc9e590000 - 0x00007ffc9e5a8000 	c:\Users\user\.vscode\extensions\redhat.java-1.11.0-win32-x64\jre\17.0.4.1-win32-x86_64\bin\zip.dll
0x00007ffcab2a0000 - 0x00007ffcab9e3000 	C:\Windows\System32\SHELL32.dll
0x00007ffca7b40000 - 0x00007ffca82d5000 	C:\Windows\SYSTEM32\windows.storage.dll
0x00007ffca93f0000 - 0x00007ffca9420000 	C:\Windows\SYSTEM32\Wldp.dll
0x00007ffcaa8d0000 - 0x00007ffcaa97d000 	C:\Windows\System32\SHCORE.dll
0x00007ffcab120000 - 0x00007ffcab175000 	C:\Windows\System32\shlwapi.dll
0x00007ffca99b0000 - 0x00007ffca99cf000 	C:\Windows\SYSTEM32\profapi.dll
0x00007ffc9e570000 - 0x00007ffc9e589000 	C:\Users\user\.vscode\extensions\redhat.java-1.11.0-win32-x64\jre\17.0.4.1-win32-x86_64\bin\net.dll
0x00007ffc99080000 - 0x00007ffc9918a000 	C:\Windows\SYSTEM32\WINHTTP.dll
0x00007ffca91d0000 - 0x00007ffca923a000 	C:\Windows\system32\mswsock.dll
0x00007ffc9e300000 - 0x00007ffc9e315000 	C:\Users\user\.vscode\extensions\redhat.java-1.11.0-win32-x64\jre\17.0.4.1-win32-x86_64\bin\nio.dll
0x00007ffc9e560000 - 0x00007ffc9e570000 	c:\Users\user\.vscode\extensions\redhat.java-1.11.0-win32-x64\jre\17.0.4.1-win32-x86_64\bin\verify.dll

dbghelp: loaded successfully - version: 4.0.5 - missing functions: none
symbol engine: initialized successfully - sym options: 0x614 - pdb path: .;c:\Users\user\.vscode\extensions\redhat.java-1.11.0-win32-x64\jre\17.0.4.1-win32-x86_64\bin;C:\Windows\SYSTEM32;C:\Windows\WinSxS\amd64_microsoft.windows.common-controls_6595b64144ccf1df_6.0.19041.1110_none_60b5254171f9507e;C:\Program Files (x86)\Citrix\ICA Client;c:\Users\user\.vscode\extensions\redhat.java-1.11.0-win32-x64\jre\17.0.4.1-win32-x86_64\bin\server

VM Arguments:
jvm_args: --add-modules=ALL-SYSTEM --add-opens=java.base/java.util=ALL-UNNAMED --add-opens=java.base/java.lang=ALL-UNNAMED --add-opens=java.base/sun.nio.fs=ALL-UNNAMED -Declipse.application=org.eclipse.jdt.ls.core.id1 -Dosgi.bundles.defaultStartLevel=4 -Declipse.product=org.eclipse.jdt.ls.core.product -Djava.import.generatesMetadataFilesAtProjectRoot=false -Dfile.encoding=utf8 -DwatchParentProcess=false -XX:+UseParallelGC -XX:GCTimeRatio=4 -XX:AdaptiveSizePolicyWeight=90 -Dsun.zip.disableMemoryMapping=true -Xmx1G -Xms100m -Xlog:disable -javaagent:c:\Users\user\.vscode\extensions\redhat.java-1.11.0-win32-x64\lombok\lombok-1.18.24.jar 
java_command: c:\Users\user\.vscode\extensions\redhat.java-1.11.0-win32-x64\server\plugins\org.eclipse.equinox.launcher_1.6.400.v20210924-0641.jar -configuration c:\Users\user\AppData\Roaming\Code\User\globalStorage\redhat.java\1.11.0\config_ss_win -data c:\Users\user\AppData\Roaming\Code\User\workspaceStorage\f3914d33a264f466a6d49755d0661fdb\redhat.java\ss_ws
java_class_path (initial): c:\Users\user\.vscode\extensions\redhat.java-1.11.0-win32-x64\server\plugins\org.eclipse.equinox.launcher_1.6.400.v20210924-0641.jar
Launcher Type: SUN_STANDARD

[Global flags]
    uintx AdaptiveSizePolicyWeight                 = 90                                        {product} {command line}
     intx CICompilerCount                          = 12                                        {product} {ergonomic}
    uintx GCTimeRatio                              = 4                                         {product} {command line}
   size_t InitialHeapSize                          = 104857600                                 {product} {command line}
   size_t MaxHeapSize                              = 1073741824                                {product} {command line}
   size_t MaxNewSize                               = 357564416                                 {product} {ergonomic}
   size_t MinHeapDeltaBytes                        = 524288                                    {product} {ergonomic}
   size_t MinHeapSize                              = 104857600                                 {product} {command line}
   size_t NewSize                                  = 34603008                                  {product} {ergonomic}
    uintx NonNMethodCodeHeapSize                   = 7602480                                {pd product} {ergonomic}
    uintx NonProfiledCodeHeapSize                  = 122027880                              {pd product} {ergonomic}
   size_t OldSize                                  = 70254592                                  {product} {ergonomic}
    uintx ProfiledCodeHeapSize                     = 122027880                              {pd product} {ergonomic}
    uintx ReservedCodeCacheSize                    = 251658240                              {pd product} {ergonomic}
     bool SegmentedCodeCache                       = true                                      {product} {ergonomic}
   size_t SoftMaxHeapSize                          = 1073741824                             {manageable} {ergonomic}
     bool UseCompressedClassPointers               = true                           {product lp64_product} {ergonomic}
     bool UseCompressedOops                        = true                           {product lp64_product} {ergonomic}
     bool UseLargePagesIndividualAllocation        = false                                  {pd product} {ergonomic}
     bool UseParallelGC                            = true                                      {product} {command line}

Logging:
Log output configuration:
 #0: stdout all=off uptime,level,tags
 #1: stderr all=off uptime,level,tags

Environment Variables:
PATH=C:\Program Files (x86)\VMware\VMware Workstation\bin\;C:\Program Files\Common Files\Oracle\Java\javapath;C:\Windows\system32;C:\Windows;C:\Windows\System32\Wbem;C:\Windows\System32\WindowsPowerShell\v1.0\;C:\Windows\System32\OpenSSH\;C:\Program Files (x86)\NVIDIA Corporation\PhysX\Common;C:\Program Files\NVIDIA Corporation\NVIDIA NvDLISR;C:\Program Files\Common Files\Autodesk Shared\;C:\Program Files (x86)\Autodesk\Backburner\;C:\Program Files\Git\cmd;C:\Program Files (x86)\Tailscale IPN;C:\Users\user\AppData\Local\Microsoft\WindowsApps;C:\Users\user\AppData\Local\Programs\Microsoft VS Code\bin;C:\Users\user\AppData\Local\GitHubDesktop\bin;C:\opt\apache-maven-3.8.5\bin;C:\Program Files\heroku\bin
USERNAME=user
OS=Windows_NT
PROCESSOR_IDENTIFIER=Intel64 Family 6 Model 158 Stepping 13, GenuineIntel
TMP=C:\Users\user\AppData\Local\Temp
TEMP=C:\Users\user\AppData\Local\Temp



---------------  S Y S T E M  ---------------

OS:
 Windows 10 , 64 bit Build 19041 (10.0.19041.1889)
OS uptime: 18 days 10:39 hours
Hyper-V role detected

CPU: total 16 (initial active 16) (8 cores per cpu, 2 threads per core) family 6 model 158 stepping 13 microcode 0xde, cx8, cmov, fxsr, ht, mmx, 3dnowpref, sse, sse2, sse3, ssse3, sse4.1, sse4.2, popcnt, lzcnt, tsc, tscinvbit, avx, avx2, aes, erms, clmul, bmi1, bmi2, adx, fma, vzeroupper, clflush, clflushopt, hv

Memory: 4k page, system-wide physical 32699M (1266M free)
TotalPageFile size 131003M (AvailPageFile size 2M)
current process WorkingSet (physical memory assigned to process): 74M, peak: 74M
current process commit charge ("private bytes"): 219M, peak: 220M

vm_info: OpenJDK 64-Bit Server VM (17.0.4.1+1) for windows-amd64 JRE (17.0.4.1+1), built on Aug 17 2022 07:42:43 by "temurin" with MS VC++ 16.7 (VS2019)

END.
