#
# There is insufficient memory for the Java Runtime Environment to continue.
# Native memory allocation (malloc) failed to allocate 573248 bytes for Chunk::new
# Possible reasons:
#   The system is out of physical RAM or swap space
#   The process is running with CompressedOops enabled, and the Java Heap may be blocking the growth of the native heap
# Possible solutions:
#   Reduce memory load on the system
#   Increase physical memory or swap space
#   Check if swap backing store is full
#   Decrease Java heap size (-Xmx/-Xms)
#   Decrease number of Java threads
#   Decrease Java thread stack sizes (-Xss)
#   Set larger code cache with -XX:ReservedCodeCacheSize=
#   JVM is running with Unscaled Compressed Oops mode in which the Java heap is
#     placed in the first 4GB address space. The Java Heap base address is the
#     maximum limit for the native heap growth. Please use -XX:HeapBaseMinAddress
#     to set the Java Heap base and to place the Java Heap above 4GB virtual address.
# This output file may be truncated or incomplete.
#
#  Out of Memory Error (arena.cpp:189), pid=12204, tid=24696
#
# JRE version: OpenJDK Runtime Environment Temurin-17.0.4.1+1 (17.0.4.1+1) (build 17.0.4.1+1)
# Java VM: OpenJDK 64-Bit Server VM Temurin-17.0.4.1+1 (17.0.4.1+1, mixed mode, tiered, compressed oops, compressed class ptrs, parallel gc, windows-amd64)
# No core dump will be written. Minidumps are not enabled by default on client versions of Windows
#

---------------  S U M M A R Y ------------

Command Line: --add-modules=ALL-SYSTEM --add-opens=java.base/java.util=ALL-UNNAMED --add-opens=java.base/java.lang=ALL-UNNAMED --add-opens=java.base/sun.nio.fs=ALL-UNNAMED -Declipse.application=org.eclipse.jdt.ls.core.id1 -Dosgi.bundles.defaultStartLevel=4 -Declipse.product=org.eclipse.jdt.ls.core.product -Djava.import.generatesMetadataFilesAtProjectRoot=false -Dfile.encoding=utf8 -DwatchParentProcess=false -XX:+UseParallelGC -XX:GCTimeRatio=4 -XX:AdaptiveSizePolicyWeight=90 -Dsun.zip.disableMemoryMapping=true -Xmx1G -Xms100m -Xlog:disable -javaagent:c:\Users\user\.vscode\extensions\redhat.java-1.11.0-win32-x64\lombok\lombok-1.18.24.jar c:\Users\user\.vscode\extensions\redhat.java-1.11.0-win32-x64\server\plugins\org.eclipse.equinox.launcher_1.6.400.v20210924-0641.jar -configuration c:\Users\user\AppData\Roaming\Code\User\globalStorage\redhat.java\1.11.0\config_ss_win -data c:\Users\user\AppData\Roaming\Code\User\workspaceStorage\f3914d33a264f466a6d49755d0661fdb\redhat.java\ss_ws

Host: Intel(R) Core(TM) i9-9900K CPU @ 3.60GHz, 16 cores, 31G,  Windows 10 , 64 bit Build 19041 (10.0.19041.1889)
Time: Mon Oct  3 20:52:38 2022 Malay Peninsula Standard Time elapsed time: 0.314035 seconds (0d 0h 0m 0s)

---------------  T H R E A D  ---------------

Current thread (0x000001e4af31d580):  JavaThread "C2 CompilerThread1" daemon [_thread_in_native, id=24696, stack(0x0000002eda800000,0x0000002eda900000)]


Current CompileTask:
C2:    314  795   !   4       java.util.jar.Attributes::read (498 bytes)

Stack: [0x0000002eda800000,0x0000002eda900000]
Native frames: (J=compiled Java code, j=interpreted, Vv=VM code, C=native code)
V  [jvm.dll+0x67731a]
V  [jvm.dll+0x832284]
V  [jvm.dll+0x833a2e]
V  [jvm.dll+0x834093]
V  [jvm.dll+0x245775]
V  [jvm.dll+0xabd7b]
V  [jvm.dll+0xac30c]
V  [jvm.dll+0x363a97]
V  [jvm.dll+0x32e011]
V  [jvm.dll+0x32d4ba]
V  [jvm.dll+0x218681]
V  [jvm.dll+0x217aa1]
V  [jvm.dll+0x1a3f8d]
V  [jvm.dll+0x227498]
V  [jvm.dll+0x2255e5]
V  [jvm.dll+0x7e7e9b]
V  [jvm.dll+0x7e240a]
V  [jvm.dll+0x6761a5]
C  [ucrtbase.dll+0x21bb2]
C  [KERNEL32.DLL+0x17034]
C  [ntdll.dll+0x526a1]


---------------  P R O C E S S  ---------------

Threads class SMR info:
_java_thread_list=0x000001e4b13f5380, length=18, elements={
0x000001e499b273c0, 0x000001e4af2eb930, 0x000001e4af2ec5b0, 0x000001e4ad988a20,
0x000001e4ad9893e0, 0x000001e4ad98a060, 0x000001e4ad98cbf0, 0x000001e4af31e4b0,
0x000001e4af31fe00, 0x000001e4af327550, 0x000001e499b88d00, 0x000001e4af320310,
0x000001e4af31d070, 0x000001e4af320820, 0x000001e4af31d580, 0x000001e4af31eed0,
0x000001e4b13c1b00, 0x000001e4af31da90
}

Java Threads: ( => current thread )
  0x000001e499b273c0 JavaThread "main" [_thread_in_vm, id=3472, stack(0x0000002ed9800000,0x0000002ed9900000)]
  0x000001e4af2eb930 JavaThread "Reference Handler" daemon [_thread_blocked, id=14468, stack(0x0000002ed9b00000,0x0000002ed9c00000)]
  0x000001e4af2ec5b0 JavaThread "Finalizer" daemon [_thread_blocked, id=21840, stack(0x0000002ed9c00000,0x0000002ed9d00000)]
  0x000001e4ad988a20 JavaThread "Signal Dispatcher" daemon [_thread_blocked, id=17544, stack(0x0000002ed9d00000,0x0000002ed9e00000)]
  0x000001e4ad9893e0 JavaThread "Attach Listener" daemon [_thread_blocked, id=16728, stack(0x0000002ed9e00000,0x0000002ed9f00000)]
  0x000001e4ad98a060 JavaThread "Service Thread" daemon [_thread_blocked, id=16508, stack(0x0000002ed9f00000,0x0000002eda000000)]
  0x000001e4ad98cbf0 JavaThread "Monitor Deflation Thread" daemon [_thread_blocked, id=19844, stack(0x0000002eda000000,0x0000002eda100000)]
  0x000001e4af31e4b0 JavaThread "C2 CompilerThread0" daemon [_thread_blocked, id=4284, stack(0x0000002eda100000,0x0000002eda200000)]
  0x000001e4af31fe00 JavaThread "C1 CompilerThread0" daemon [_thread_blocked, id=29248, stack(0x0000002eda200000,0x0000002eda300000)]
  0x000001e4af327550 JavaThread "Sweeper thread" daemon [_thread_blocked, id=28440, stack(0x0000002eda300000,0x0000002eda400000)]
  0x000001e499b88d00 JavaThread "Common-Cleaner" daemon [_thread_blocked, id=26964, stack(0x0000002eda400000,0x0000002eda500000)]
  0x000001e4af320310 JavaThread "C1 CompilerThread1" daemon [_thread_blocked, id=12744, stack(0x0000002eda500000,0x0000002eda600000)]
  0x000001e4af31d070 JavaThread "C1 CompilerThread2" daemon [_thread_blocked, id=17372, stack(0x0000002eda600000,0x0000002eda700000)]
  0x000001e4af320820 JavaThread "C1 CompilerThread3" daemon [_thread_blocked, id=30364, stack(0x0000002eda700000,0x0000002eda800000)]
=>0x000001e4af31d580 JavaThread "C2 CompilerThread1" daemon [_thread_in_native, id=24696, stack(0x0000002eda800000,0x0000002eda900000)]
  0x000001e4af31eed0 JavaThread "C2 CompilerThread2" daemon [_thread_blocked, id=18420, stack(0x0000002eda900000,0x0000002edaa00000)]
  0x000001e4b13c1b00 JavaThread "Notification Thread" daemon [_thread_blocked, id=9940, stack(0x0000002edaa00000,0x0000002edab00000)]
  0x000001e4af31da90 JavaThread "C2 CompilerThread3" daemon [_thread_blocked, id=10484, stack(0x0000002edac00000,0x0000002edad00000)]

Other Threads:
  0x000001e499bceca0 VMThread "VM Thread" [stack: 0x0000002ed9a00000,0x0000002ed9b00000] [id=21804]
  0x000001e4b12f7a00 WatcherThread [stack: 0x0000002edab00000,0x0000002edac00000] [id=12044]
  0x000001e499b3b490 GCTaskThread "GC Thread#0" [stack: 0x0000002ed9900000,0x0000002ed9a00000] [id=19848]

Threads with active compile tasks:
C2 CompilerThread1      325  795   !   4       java.util.jar.Attributes::read (498 bytes)

VM state: not at safepoint (normal execution)

VM Mutex/Monitor currently owned by a thread:  ([mutex/lock_event])
[0x000001e4978fc940] Metaspace_lock - owner thread: 0x000001e499b273c0

Heap address: 0x00000000c0000000, size: 1024 MB, Compressed Oops mode: 32-bit

CDS archive(s) not mapped
Compressed class space mapped at: 0x0000000100000000-0x0000000140000000, reserved size: 1073741824
Narrow klass base: 0x0000000000000000, Narrow klass shift: 3, Narrow klass range: 0x140000000

GC Precious Log:
 CPUs: 16 total, 16 available
 Memory: 32699M
 Large Page Support: Disabled
 NUMA Support: Disabled
 Compressed Oops: Enabled (32-bit)
 Alignments: Space 512K, Generation 512K, Heap 2M
 Heap Min Capacity: 100M
 Heap Initial Capacity: 100M
 Heap Max Capacity: 1G
 Pre-touch: Disabled
 Parallel Workers: 13

Heap:
 PSYoungGen      total 29696K, used 22838K [0x00000000eab00000, 0x00000000ecc00000, 0x0000000100000000)
  eden space 25600K, 89% used [0x00000000eab00000,0x00000000ec14dbf8,0x00000000ec400000)
  from space 4096K, 0% used [0x00000000ec800000,0x00000000ec800000,0x00000000ecc00000)
  to   space 4096K, 0% used [0x00000000ec400000,0x00000000ec400000,0x00000000ec800000)
 ParOldGen       total 68608K, used 0K [0x00000000c0000000, 0x00000000c4300000, 0x00000000eab00000)
  object space 68608K, 0% used [0x00000000c0000000,0x00000000c0000000,0x00000000c4300000)
 Metaspace       used 9751K, committed 9920K, reserved 1064960K
  class space    used 970K, committed 1088K, reserved 1048576K

Card table byte_map: [0x000001e4994c0000,0x000001e4996d0000] _byte_map_base: 0x000001e498ec0000

Marking Bits: (ParMarkBitMap*) 0x00007ffbeeaf2cc0
 Begin Bits: [0x000001e4ab790000, 0x000001e4ac790000)
 End Bits:   [0x000001e4ac790000, 0x000001e4ad790000)

Polling page: 0x000001e497890000

Metaspace:

Usage:
  Non-class:      8.58 MB used.
      Class:    970.76 KB used.
       Both:      9.52 MB used.

Virtual space:
  Non-class space:       16.00 MB reserved,       8.62 MB ( 54%) committed,  2 nodes.
      Class space:        1.00 GB reserved,       1.06 MB ( <1%) committed,  1 nodes.
             Both:        1.02 GB reserved,       9.69 MB ( <1%) committed. 

Chunk freelists:
   Non-Class:  2.55 MB
       Class:  2.99 MB
        Both:  5.54 MB

MaxMetaspaceSize: unlimited
CompressedClassSpaceSize: 1.00 GB
Initial GC threshold: 21.00 MB
Current GC threshold: 21.00 MB
CDS: off
MetaspaceReclaimPolicy: balanced
 - commit_granule_bytes: 65536.
 - commit_granule_words: 8192.
 - virtual_space_node_default_size: 1048576.
 - enlarge_chunks_in_place: 1.
 - new_chunks_are_fully_committed: 0.
 - uncommit_free_chunks: 1.
 - use_allocation_guard: 0.
 - handle_deallocations: 1.


Internal statistics:

num_allocs_failed_limit: 0.
num_arena_births: 16.
num_arena_deaths: 0.
num_vsnodes_births: 3.
num_vsnodes_deaths: 0.
num_space_committed: 155.
num_space_uncommitted: 0.
num_chunks_returned_to_freelist: 0.
num_chunks_taken_from_freelist: 69.
num_chunk_merges: 0.
num_chunk_splits: 43.
num_chunks_enlarged: 37.
num_purges: 0.
num_inconsistent_stats: 0.

CodeHeap 'non-profiled nmethods': size=119168Kb used=329Kb max_used=329Kb free=118838Kb
 bounds [0x000001e4a4330000, 0x000001e4a45a0000, 0x000001e4ab790000]
CodeHeap 'profiled nmethods': size=119104Kb used=1433Kb max_used=1433Kb free=117670Kb
 bounds [0x000001e49cee0000, 0x000001e49d150000, 0x000001e4a4330000]
CodeHeap 'non-nmethods': size=7488Kb used=2823Kb max_used=2855Kb free=4664Kb
 bounds [0x000001e49c790000, 0x000001e49ca60000, 0x000001e49cee0000]
 total_blobs=1277 nmethods=853 adapters=336
 compilation: enabled
              stopped_count=0, restarted_count=0
 full_count=0

Compilation events (20 events):
Event: 0.303 Thread 0x000001e4af31eed0  837   !   4       java.nio.DirectByteBuffer::get (34 bytes)
Event: 0.303 Thread 0x000001e4af31e4b0 

Event: 0.303 Thread 0x000001e4af31fe00 nmethod 838 0x000001e49d03ac90 code [0x000001e49d03afc0, 0x000001e49d03c578]
Event: 0.303 Thread 0x000001e4af31e4b0  841       4       java.util.zip.ZipUtils::LG (22 bytes)
Event: 0.303 Thread 0x000001e4af31fe00  842       3       java.lang.StringConcatHelper::newArray (26 bytes)
Event: 0.303 Thread 0x000001e4af31fe00 nmethod 842 0x000001e49d03cf10 code [0x000001e49d03d0c0, 0x000001e49d03d308]
Event: 0.303 Thread 0x000001e4af31eed0 nmethod 837 0x000001e4a437f910 code [0x000001e4a437fa80, 0x000001e4a437fb58]
Event: 0.303 Thread 0x000001e4af31e4b0 nmethod 841 0x000001e4a437fc90 code [0x000001e4a437fe00, 0x000001e4a437fef8]
Event: 0.304 Thread 0x000001e4af31fe00  843       1       java.security.CodeSource::getLocationNoFragString (5 bytes)
Event: 0.304 Thread 0x000001e4af31fe00 nmethod 843 0x000001e4a4380010 code [0x000001e4a43801a0, 0x000001e4a4380278]
Event: 0.306 Thread 0x000001e4af31d070  844       3       java.util.Arrays::equals (57 bytes)
Event: 0.307 Thread 0x000001e4af31d070 nmethod 844 0x000001e49d03d410 code [0x000001e49d03d600, 0x000001e49d03dbc8]
Event: 0.308 Thread 0x000001e4af31d070  845       3       java.util.ArrayDeque::elementAt (4 bytes)
Event: 0.308 Thread 0x000001e4af31d070 nmethod 845 0x000001e49d03dd90 code [0x000001e49d03df20, 0x000001e49d03e038]
Event: 0.310 Thread 0x000001e4af31da90 nmethod 834 0x000001e4a4380310 code [0x000001e4a4380540, 0x000001e4a4381050]
Event: 0.310 Thread 0x000001e4af31d070  846       1       java.lang.String::value (5 bytes)
Event: 0.311 Thread 0x000001e4af31d070 nmethod 846 0x000001e4a4381c10 code [0x000001e4a4381da0, 0x000001e4a4381e78]
Event: 0.311 Thread 0x000001e4af320310  848       3       java.lang.Class::getComponentType (14 bytes)
Event: 0.311 Thread 0x000001e4af320310 nmethod 848 0x000001e49d03e110 code [0x000001e49d03e2c0, 0x000001e49d03e488]
Event: 0.312 Thread 0x000001e4af31fe00  849       3       java.util.Properties$LineReader::readLine (584 bytes)

GC Heap History (0 events):
No events

Deoptimization events (20 events):
Event: 0.297 Thread 0x000001e499b273c0 DEOPT PACKING pc=0x000001e49cffae89 sp=0x0000002ed98fcfe0
Event: 0.297 Thread 0x000001e499b273c0 DEOPT UNPACKING pc=0x000001e49c7e2843 sp=0x0000002ed98fc468 mode 0
Event: 0.297 Thread 0x000001e499b273c0 DEOPT PACKING pc=0x000001e49cffae89 sp=0x0000002ed98fcfe0
Event: 0.297 Thread 0x000001e499b273c0 DEOPT UNPACKING pc=0x000001e49c7e2843 sp=0x0000002ed98fc468 mode 0
Event: 0.301 Thread 0x000001e499b273c0 Uncommon trap: trap_request=0xffffffde fr.pc=0x000001e4a436de50 relative=0x0000000000000a90
Event: 0.301 Thread 0x000001e499b273c0 Uncommon trap: reason=class_check action=maybe_recompile pc=0x000001e4a436de50 method=java.util.HashMap.putVal(ILjava/lang/Object;Ljava/lang/Object;ZZ)Ljava/lang/Object; @ 203 c2
Event: 0.301 Thread 0x000001e499b273c0 DEOPT PACKING pc=0x000001e4a436de50 sp=0x0000002ed98fdb20
Event: 0.301 Thread 0x000001e499b273c0 DEOPT UNPACKING pc=0x000001e49c7e20a3 sp=0x0000002ed98fda48 mode 2
Event: 0.302 Thread 0x000001e499b273c0 Uncommon trap: trap_request=0xffffffde fr.pc=0x000001e4a436de50 relative=0x0000000000000a90
Event: 0.302 Thread 0x000001e499b273c0 Uncommon trap: reason=class_check action=maybe_recompile pc=0x000001e4a436de50 method=java.util.HashMap.putVal(ILjava/lang/Object;Ljava/lang/Object;ZZ)Ljava/lang/Object; @ 203 c2
Event: 0.302 Thread 0x000001e499b273c0 DEOPT PACKING pc=0x000001e4a436de50 sp=0x0000002ed98fdb20
Event: 0.302 Thread 0x000001e499b273c0 DEOPT UNPACKING pc=0x000001e49c7e20a3 sp=0x0000002ed98fda48 mode 2
Event: 0.302 Thread 0x000001e499b273c0 Uncommon trap: trap_request=0xffffffde fr.pc=0x000001e4a436de50 relative=0x0000000000000a90
Event: 0.302 Thread 0x000001e499b273c0 Uncommon trap: reason=class_check action=maybe_recompile pc=0x000001e4a436de50 method=java.util.HashMap.putVal(ILjava/lang/Object;Ljava/lang/Object;ZZ)Ljava/lang/Object; @ 203 c2
Event: 0.302 Thread 0x000001e499b273c0 DEOPT PACKING pc=0x000001e4a436de50 sp=0x0000002ed98fdb20
Event: 0.302 Thread 0x000001e499b273c0 DEOPT UNPACKING pc=0x000001e49c7e20a3 sp=0x0000002ed98fda48 mode 2
Event: 0.302 Thread 0x000001e499b273c0 Uncommon trap: trap_request=0xffffffde fr.pc=0x000001e4a436de50 relative=0x0000000000000a90
Event: 0.302 Thread 0x000001e499b273c0 Uncommon trap: reason=class_check action=maybe_recompile pc=0x000001e4a436de50 method=java.util.HashMap.putVal(ILjava/lang/Object;Ljava/lang/Object;ZZ)Ljava/lang/Object; @ 203 c2
Event: 0.302 Thread 0x000001e499b273c0 DEOPT PACKING pc=0x000001e4a436de50 sp=0x0000002ed98fdb20
Event: 0.302 Thread 0x000001e499b273c0 DEOPT UNPACKING pc=0x000001e49c7e20a3 sp=0x0000002ed98fda48 mode 2

Classes unloaded (0 events):
No events

Classes redefined (0 events):
No events

Internal exceptions (12 events):
Event: 0.063 Thread 0x000001e499b273c0 Exception <a 'java/lang/NoSuchMethodError'{0x00000000eacb38c8}: 'void java.lang.invoke.DirectMethodHandle$Holder.invokeStatic(java.lang.Object, java.lang.Object, java.lang.Object)'> (0x00000000eacb38c8) 
thrown [s\src\hotspot\share\interpreter\linkResolver.cpp, line 759]
Event: 0.126 Thread 0x000001e499b273c0 Exception <a 'java/lang/reflect/InvocationTargetException'{0x00000000eb0f93d8}> (0x00000000eb0f93d8) 
thrown [s\src\hotspot\share\runtime\reflection.cpp, line 1121]
Event: 0.225 Thread 0x000001e499b273c0 Exception <a 'java/lang/ClassNotFoundException'{0x00000000eb89f6d8}: sun/net/www/protocol/c/Handler> (0x00000000eb89f6d8) 
thrown [s\src\hotspot\share\classfile\systemDictionary.cpp, line 256]
Event: 0.227 Thread 0x000001e499b273c0 Exception <a 'java/io/FileNotFoundException'{0x00000000eb8b3090}> (0x00000000eb8b3090) 
thrown [s\src\hotspot\share\prims\jni.cpp, line 516]
Event: 0.227 Thread 0x000001e499b273c0 Exception <a 'java/io/FileNotFoundException'{0x00000000eb8b3da0}> (0x00000000eb8b3da0) 
thrown [s\src\hotspot\share\prims\jni.cpp, line 516]
Event: 0.228 Thread 0x000001e499b273c0 Exception <a 'java/io/FileNotFoundException'{0x00000000eb8b4a90}> (0x00000000eb8b4a90) 
thrown [s\src\hotspot\share\prims\jni.cpp, line 516]
Event: 0.228 Thread 0x000001e499b273c0 Exception <a 'java/io/FileNotFoundException'{0x00000000eb8b5750}> (0x00000000eb8b5750) 
thrown [s\src\hotspot\share\prims\jni.cpp, line 516]
Event: 0.231 Thread 0x000001e499b273c0 Implicit null exception at 0x000001e4a43513f2 to 0x000001e4a4351940
Event: 0.232 Thread 0x000001e499b273c0 Exception <a 'java/io/FileNotFoundException'{0x00000000eb8f6268}> (0x00000000eb8f6268) 
thrown [s\src\hotspot\share\prims\jni.cpp, line 516]
Event: 0.308 Thread 0x000001e499b273c0 Exception <a 'java/lang/ClassNotFoundException'{0x00000000ec0ee910}: sun/net/www/protocol/c/Handler> (0x00000000ec0ee910) 
thrown [s\src\hotspot\share\classfile\systemDictionary.cpp, line 256]
Event: 0.308 Thread 0x000001e499b273c0 Exception <a 'java/lang/ClassNotFoundException'{0x00000000ec0efc50}: sun/net/www/protocol/c/Handler> (0x00000000ec0efc50) 
thrown [s\src\hotspot\share\classfile\systemDictionary.cpp, line 256]
Event: 0.308 Thread 0x000001e499b273c0 Exception <a 'java/lang/ClassNotFoundException'{0x00000000ec0f0dc8}: sun/net/www/protocol/c/Handler> (0x00000000ec0f0dc8) 
thrown [s\src\hotspot\share\classfile\systemDictionary.cpp, line 256]

VM Operations (8 events):
Event: 0.066 Executing VM operation: HandshakeAllThreads
Event: 0.066 Executing VM operation: HandshakeAllThreads done
Event: 0.101 Executing VM operation: HandshakeAllThreads
Event: 0.101 Executing VM operation: HandshakeAllThreads done
Event: 0.216 Executing VM operation: HandshakeAllThreads
Event: 0.216 Executing VM operation: HandshakeAllThreads done
Event: 0.222 Executing VM operation: HandshakeAllThreads
Event: 0.222 Executing VM operation: HandshakeAllThreads done

Events (20 events):
Event: 0.300 loading class sun/nio/cs/StreamDecoder
Event: 0.301 loading class sun/nio/cs/StreamDecoder done
Event: 0.301 loading class sun/nio/cs/UTF_8$Decoder
Event: 0.301 loading class sun/nio/cs/UTF_8$Decoder done
Event: 0.301 loading class java/nio/charset/CoderResult
Event: 0.301 loading class java/nio/charset/CoderResult done
Event: 0.305 loading class java/util/Random
Event: 0.306 loading class java/util/random/RandomGenerator
Event: 0.306 loading class java/util/random/RandomGenerator done
Event: 0.306 loading class java/util/Random done
Event: 0.306 loading class java/util/UUID
Event: 0.306 loading class java/util/UUID done
Event: 0.306 loading class java/util/concurrent/atomic/AtomicBoolean
Event: 0.306 loading class java/util/concurrent/atomic/AtomicBoolean done
Event: 0.306 loading class java/lang/invoke/VarHandleInts$FieldInstanceReadWrite
Event: 0.306 loading class java/lang/invoke/VarHandleInts$FieldInstanceReadOnly
Event: 0.306 loading class java/lang/invoke/VarHandleInts$FieldInstanceReadOnly done
Event: 0.306 loading class java/lang/invoke/VarHandleInts$FieldInstanceReadWrite done
Event: 0.310 loading class java/nio/file/FileVisitor
Event: 0.310 loading class java/nio/file/FileVisitor done


Dynamic libraries:
0x00007ff6fd5c0000 - 0x00007ff6fd5ce000 	c:\Users\user\.vscode\extensions\redhat.java-1.11.0-win32-x64\jre\17.0.4.1-win32-x86_64\bin\java.exe
0x00007ffcac350000 - 0x00007ffcac548000 	C:\Windows\SYSTEM32\ntdll.dll
0x00007ffcaa980000 - 0x00007ffcaaa3d000 	C:\Windows\System32\KERNEL32.DLL
0x00007ffca9a70000 - 0x00007ffca9d3e000 	C:\Windows\System32\KERNELBASE.dll
0x00007ffcaa1b0000 - 0x00007ffcaa2b0000 	C:\Windows\System32\ucrtbase.dll
0x00007ffc9e2e0000 - 0x00007ffc9e2f8000 	c:\Users\user\.vscode\extensions\redhat.java-1.11.0-win32-x64\jre\17.0.4.1-win32-x86_64\bin\jli.dll
0x00007ffcabdc0000 - 0x00007ffcabf60000 	C:\Windows\System32\USER32.dll
0x00007ffcaa180000 - 0x00007ffcaa1a2000 	C:\Windows\System32\win32u.dll
0x00007ffcaa5b0000 - 0x00007ffcaa5da000 	C:\Windows\System32\GDI32.dll
0x00007ffca9ed0000 - 0x00007ffca9fdb000 	C:\Windows\System32\gdi32full.dll
0x00007ffcaa090000 - 0x00007ffcaa12d000 	C:\Windows\System32\msvcp_win.dll
0x00007ffc9e070000 - 0x00007ffc9e089000 	c:\Users\user\.vscode\extensions\redhat.java-1.11.0-win32-x64\jre\17.0.4.1-win32-x86_64\bin\VCRUNTIME140.dll
0x00007ffc93530000 - 0x00007ffc937ca000 	C:\Windows\WinSxS\amd64_microsoft.windows.common-controls_6595b64144ccf1df_6.0.19041.1110_none_60b5254171f9507e\COMCTL32.dll
0x00007ffcac0f0000 - 0x00007ffcac18e000 	C:\Windows\System32\msvcrt.dll
0x00007ffcac2c0000 - 0x00007ffcac2f0000 	C:\Windows\System32\IMM32.DLL
0x00007ffc8e910000 - 0x00007ffc8ea68000 	C:\Program Files (x86)\Citrix\ICA Client\epclient64.dll
0x00007ffca9ea0000 - 0x00007ffca9ec7000 	C:\Windows\System32\bcrypt.dll
0x00007ffcab9f0000 - 0x00007ffcabd44000 	C:\Windows\System32\combase.dll
0x00007ffcaa3b0000 - 0x00007ffcaa4d5000 	C:\Windows\System32\RPCRT4.dll
0x00007ffca2a60000 - 0x00007ffca2a6a000 	C:\Windows\SYSTEM32\VERSION.dll
0x00007ffcab1f0000 - 0x00007ffcab29e000 	C:\Windows\System32\ADVAPI32.dll
0x00007ffcabf70000 - 0x00007ffcac00c000 	C:\Windows\System32\sechost.dll
0x00007ffca8730000 - 0x00007ffca8763000 	C:\Windows\SYSTEM32\ntmarta.dll
0x00007ffca7940000 - 0x00007ffca7952000 	C:\Windows\SYSTEM32\kernel.appcore.dll
0x00007ffcaa320000 - 0x00007ffcaa3a2000 	C:\Windows\System32\bcryptprimitives.dll
0x00007ffc9e550000 - 0x00007ffc9e55c000 	c:\Users\user\.vscode\extensions\redhat.java-1.11.0-win32-x64\jre\17.0.4.1-win32-x86_64\bin\vcruntime140_1.dll
0x00007ffc04280000 - 0x00007ffc04311000 	c:\Users\user\.vscode\extensions\redhat.java-1.11.0-win32-x64\jre\17.0.4.1-win32-x86_64\bin\msvcp140.dll
0x00007ffbedf70000 - 0x00007ffbeebb6000 	c:\Users\user\.vscode\extensions\redhat.java-1.11.0-win32-x64\jre\17.0.4.1-win32-x86_64\bin\server\jvm.dll
0x00007ffcabf60000 - 0x00007ffcabf68000 	C:\Windows\System32\PSAPI.DLL
0x00007ffc0f760000 - 0x00007ffc0f769000 	C:\Windows\SYSTEM32\WSOCK32.dll
0x00007ffcab180000 - 0x00007ffcab1eb000 	C:\Windows\System32\WS2_32.dll
0x00007ffc9a260000 - 0x00007ffc9a287000 	C:\Windows\SYSTEM32\WINMM.dll
0x00007ffc9e4a0000 - 0x00007ffc9e4aa000 	c:\Users\user\.vscode\extensions\redhat.java-1.11.0-win32-x64\jre\17.0.4.1-win32-x86_64\bin\jimage.dll
0x00007ffc956a0000 - 0x00007ffc95884000 	C:\Windows\SYSTEM32\DBGHELP.DLL
0x00007ffc8f0c0000 - 0x00007ffc8f0ec000 	C:\Windows\SYSTEM32\dbgcore.DLL
0x00007ffc9e5b0000 - 0x00007ffc9e5be000 	c:\Users\user\.vscode\extensions\redhat.java-1.11.0-win32-x64\jre\17.0.4.1-win32-x86_64\bin\instrument.dll
0x00007ffc9e010000 - 0x00007ffc9e035000 	c:\Users\user\.vscode\extensions\redhat.java-1.11.0-win32-x64\jre\17.0.4.1-win32-x86_64\bin\java.dll
0x00007ffc9e590000 - 0x00007ffc9e5a8000 	c:\Users\user\.vscode\extensions\redhat.java-1.11.0-win32-x64\jre\17.0.4.1-win32-x86_64\bin\zip.dll
0x00007ffcab2a0000 - 0x00007ffcab9e3000 	C:\Windows\System32\SHELL32.dll
0x00007ffca7b40000 - 0x00007ffca82d5000 	C:\Windows\SYSTEM32\windows.storage.dll
0x00007ffca93f0000 - 0x00007ffca9420000 	C:\Windows\SYSTEM32\Wldp.dll
0x00007ffcaa8d0000 - 0x00007ffcaa97d000 	C:\Windows\System32\SHCORE.dll
0x00007ffcab120000 - 0x00007ffcab175000 	C:\Windows\System32\shlwapi.dll
0x00007ffca99b0000 - 0x00007ffca99cf000 	C:\Windows\SYSTEM32\profapi.dll
0x00007ffc9e570000 - 0x00007ffc9e589000 	C:\Users\user\.vscode\extensions\redhat.java-1.11.0-win32-x64\jre\17.0.4.1-win32-x86_64\bin\net.dll
0x00007ffc99080000 - 0x00007ffc9918a000 	C:\Windows\SYSTEM32\WINHTTP.dll
0x00007ffca91d0000 - 0x00007ffca923a000 	C:\Windows\system32\mswsock.dll
0x00007ffc9e300000 - 0x00007ffc9e315000 	C:\Users\user\.vscode\extensions\redhat.java-1.11.0-win32-x64\jre\17.0.4.1-win32-x86_64\bin\nio.dll
0x00007ffc9e560000 - 0x00007ffc9e570000 	c:\Users\user\.vscode\extensions\redhat.java-1.11.0-win32-x64\jre\17.0.4.1-win32-x86_64\bin\verify.dll

dbghelp: loaded successfully - version: 4.0.5 - missing functions: none
symbol engine: initialized successfully - sym options: 0x614 - pdb path: .;c:\Users\user\.vscode\extensions\redhat.java-1.11.0-win32-x64\jre\17.0.4.1-win32-x86_64\bin;C:\Windows\SYSTEM32;C:\Windows\WinSxS\amd64_microsoft.windows.common-controls_6595b64144ccf1df_6.0.19041.1110_none_60b5254171f9507e;C:\Program Files (x86)\Citrix\ICA Client;c:\Users\user\.vscode\extensions\redhat.java-1.11.0-win32-x64\jre\17.0.4.1-win32-x86_64\bin\server

VM Arguments:
jvm_args: --add-modules=ALL-SYSTEM --add-opens=java.base/java.util=ALL-UNNAMED --add-opens=java.base/java.lang=ALL-UNNAMED --add-opens=java.base/sun.nio.fs=ALL-UNNAMED -Declipse.application=org.eclipse.jdt.ls.core.id1 -Dosgi.bundles.defaultStartLevel=4 -Declipse.product=org.eclipse.jdt.ls.core.product -Djava.import.generatesMetadataFilesAtProjectRoot=false -Dfile.encoding=utf8 -DwatchParentProcess=false -XX:+UseParallelGC -XX:GCTimeRatio=4 -XX:AdaptiveSizePolicyWeight=90 -Dsun.zip.disableMemoryMapping=true -Xmx1G -Xms100m -Xlog:disable -javaagent:c:\Users\user\.vscode\extensions\redhat.java-1.11.0-win32-x64\lombok\lombok-1.18.24.jar 
java_command: c:\Users\user\.vscode\extensions\redhat.java-1.11.0-win32-x64\server\plugins\org.eclipse.equinox.launcher_1.6.400.v20210924-0641.jar -configuration c:\Users\user\AppData\Roaming\Code\User\globalStorage\redhat.java\1.11.0\config_ss_win -data c:\Users\user\AppData\Roaming\Code\User\workspaceStorage\f3914d33a264f466a6d49755d0661fdb\redhat.java\ss_ws
java_class_path (initial): c:\Users\user\.vscode\extensions\redhat.java-1.11.0-win32-x64\server\plugins\org.eclipse.equinox.launcher_1.6.400.v20210924-0641.jar
Launcher Type: SUN_STANDARD

[Global flags]
    uintx AdaptiveSizePolicyWeight                 = 90                                        {product} {command line}
     intx CICompilerCount                          = 12                                        {product} {ergonomic}
    uintx GCTimeRatio                              = 4                                         {product} {command line}
   size_t InitialHeapSize                          = 104857600                                 {product} {command line}
   size_t MaxHeapSize                              = 1073741824                                {product} {command line}
   size_t MaxNewSize                               = 357564416                                 {product} {ergonomic}
   size_t MinHeapDeltaBytes                        = 524288                                    {product} {ergonomic}
   size_t MinHeapSize                              = 104857600                                 {product} {command line}
   size_t NewSize                                  = 34603008                                  {product} {ergonomic}
    uintx NonNMethodCodeHeapSize                   = 7602480                                {pd product} {ergonomic}
    uintx NonProfiledCodeHeapSize                  = 122027880                              {pd product} {ergonomic}
   size_t OldSize                                  = 70254592                                  {product} {ergonomic}
    uintx ProfiledCodeHeapSize                     = 122027880                              {pd product} {ergonomic}
    uintx ReservedCodeCacheSize                    = 251658240                              {pd product} {ergonomic}
     bool SegmentedCodeCache                       = true                                      {product} {ergonomic}
   size_t SoftMaxHeapSize                          = 1073741824                             {manageable} {ergonomic}
     bool UseCompressedClassPointers               = true                           {product lp64_product} {ergonomic}
     bool UseCompressedOops                        = true                           {product lp64_product} {ergonomic}
     bool UseLargePagesIndividualAllocation        = false                                  {pd product} {ergonomic}
     bool UseParallelGC                            = true                                      {product} {command line}

Logging:
Log output configuration:
 #0: stdout all=off uptime,level,tags
 #1: stderr all=off uptime,level,tags

Environment Variables:
PATH=C:\Program Files (x86)\VMware\VMware Workstation\bin\;C:\Program Files\Common Files\Oracle\Java\javapath;C:\Windows\system32;C:\Windows;C:\Windows\System32\Wbem;C:\Windows\System32\WindowsPowerShell\v1.0\;C:\Windows\System32\OpenSSH\;C:\Program Files (x86)\NVIDIA Corporation\PhysX\Common;C:\Program Files\NVIDIA Corporation\NVIDIA NvDLISR;C:\Program Files\Common Files\Autodesk Shared\;C:\Program Files (x86)\Autodesk\Backburner\;C:\Program Files\Git\cmd;C:\Program Files (x86)\Tailscale IPN;C:\Users\user\AppData\Local\Microsoft\WindowsApps;C:\Users\user\AppData\Local\Programs\Microsoft VS Code\bin;C:\Users\user\AppData\Local\GitHubDesktop\bin;C:\opt\apache-maven-3.8.5\bin;C:\Program Files\heroku\bin
USERNAME=user
OS=Windows_NT
PROCESSOR_IDENTIFIER=Intel64 Family 6 Model 158 Stepping 13, GenuineIntel
TMP=C:\Users\user\AppData\Local\Temp
TEMP=C:\Users\user\AppData\Local\Temp



---------------  S Y S T E M  ---------------

OS:
 Windows 10 , 64 bit Build 19041 (10.0.19041.1889)
OS uptime: 18 days 10:39 hours
Hyper-V role detected

CPU: total 16 (initial active 16) (8 cores per cpu, 2 threads per core) family 6 model 158 stepping 13 microcode 0xde, cx8, cmov, fxsr, ht, mmx, 3dnowpref, sse, sse2, sse3, ssse3, sse4.1, sse4.2, popcnt, lzcnt, tsc, tscinvbit, avx, avx2, aes, erms, clmul, bmi1, bmi2, adx, fma, vzeroupper, clflush, clflushopt, hv

Memory: 4k page, system-wide physical 32699M (1277M free)
TotalPageFile size 131003M (AvailPageFile size 0M)
current process WorkingSet (physical memory assigned to process): 72M, peak: 72M
current process commit charge ("private bytes"): 219M, peak: 219M

vm_info: OpenJDK 64-Bit Server VM (17.0.4.1+1) for windows-amd64 JRE (17.0.4.1+1), built on Aug 17 2022 07:42:43 by "temurin" with MS VC++ 16.7 (VS2019)

END.
